ARM GAS  /tmp/ccWORQMT.s 			page 1


   1              		.syntax unified
   2              		.cpu cortex-m4
   3              		.eabi_attribute 27, 3
   4              		.eabi_attribute 28, 1
   5              		.fpu fpv4-sp-d16
   6              		.eabi_attribute 20, 1
   7              		.eabi_attribute 21, 1
   8              		.eabi_attribute 23, 1
   9              		.eabi_attribute 24, 1
  10              		.eabi_attribute 25, 1
  11              		.eabi_attribute 26, 1
  12              		.eabi_attribute 30, 1
  13              		.eabi_attribute 34, 1
  14              		.eabi_attribute 18, 4
  15              		.thumb
  16              		.file	"stm32f3xx_hal_pwr.c"
  17              		.text
  18              	.Ltext0:
  19              		.cfi_sections	.debug_frame
  20              		.section	.text.HAL_PWR_DeInit,"ax",%progbits
  21              		.align	2
  22              		.global	HAL_PWR_DeInit
  23              		.thumb
  24              		.thumb_func
  26              	HAL_PWR_DeInit:
  27              	.LFB123:
  28              		.file 1 "Drivers/STM32F3xx_HAL_Driver/Src/stm32f3xx_hal_pwr.c"
   1:Drivers/STM32F3xx_HAL_Driver/Src/stm32f3xx_hal_pwr.c **** /**
   2:Drivers/STM32F3xx_HAL_Driver/Src/stm32f3xx_hal_pwr.c ****   ******************************************************************************
   3:Drivers/STM32F3xx_HAL_Driver/Src/stm32f3xx_hal_pwr.c ****   * @file    stm32f3xx_hal_pwr.c
   4:Drivers/STM32F3xx_HAL_Driver/Src/stm32f3xx_hal_pwr.c ****   * @author  MCD Application Team
   5:Drivers/STM32F3xx_HAL_Driver/Src/stm32f3xx_hal_pwr.c ****   * @version V1.4.0
   6:Drivers/STM32F3xx_HAL_Driver/Src/stm32f3xx_hal_pwr.c ****   * @date    16-December-2016
   7:Drivers/STM32F3xx_HAL_Driver/Src/stm32f3xx_hal_pwr.c ****   * @brief   PWR HAL module driver.
   8:Drivers/STM32F3xx_HAL_Driver/Src/stm32f3xx_hal_pwr.c ****   *          This file provides firmware functions to manage the following
   9:Drivers/STM32F3xx_HAL_Driver/Src/stm32f3xx_hal_pwr.c ****   *          functionalities of the Power Controller (PWR) peripheral:
  10:Drivers/STM32F3xx_HAL_Driver/Src/stm32f3xx_hal_pwr.c ****   *           + Initialization/de-initialization functions
  11:Drivers/STM32F3xx_HAL_Driver/Src/stm32f3xx_hal_pwr.c ****   *           + Peripheral Control functions
  12:Drivers/STM32F3xx_HAL_Driver/Src/stm32f3xx_hal_pwr.c ****   *
  13:Drivers/STM32F3xx_HAL_Driver/Src/stm32f3xx_hal_pwr.c ****   @verbatim
  14:Drivers/STM32F3xx_HAL_Driver/Src/stm32f3xx_hal_pwr.c ****   ******************************************************************************
  15:Drivers/STM32F3xx_HAL_Driver/Src/stm32f3xx_hal_pwr.c ****   * @attention
  16:Drivers/STM32F3xx_HAL_Driver/Src/stm32f3xx_hal_pwr.c ****   *
  17:Drivers/STM32F3xx_HAL_Driver/Src/stm32f3xx_hal_pwr.c ****   * <h2><center>&copy; COPYRIGHT(c) 2016 STMicroelectronics</center></h2>
  18:Drivers/STM32F3xx_HAL_Driver/Src/stm32f3xx_hal_pwr.c ****   *
  19:Drivers/STM32F3xx_HAL_Driver/Src/stm32f3xx_hal_pwr.c ****   * Redistribution and use in source and binary forms, with or without modification,
  20:Drivers/STM32F3xx_HAL_Driver/Src/stm32f3xx_hal_pwr.c ****   * are permitted provided that the following conditions are met:
  21:Drivers/STM32F3xx_HAL_Driver/Src/stm32f3xx_hal_pwr.c ****   *   1. Redistributions of source code must retain the above copyright notice,
  22:Drivers/STM32F3xx_HAL_Driver/Src/stm32f3xx_hal_pwr.c ****   *      this list of conditions and the following disclaimer.
  23:Drivers/STM32F3xx_HAL_Driver/Src/stm32f3xx_hal_pwr.c ****   *   2. Redistributions in binary form must reproduce the above copyright notice,
  24:Drivers/STM32F3xx_HAL_Driver/Src/stm32f3xx_hal_pwr.c ****   *      this list of conditions and the following disclaimer in the documentation
  25:Drivers/STM32F3xx_HAL_Driver/Src/stm32f3xx_hal_pwr.c ****   *      and/or other materials provided with the distribution.
  26:Drivers/STM32F3xx_HAL_Driver/Src/stm32f3xx_hal_pwr.c ****   *   3. Neither the name of STMicroelectronics nor the names of its contributors
  27:Drivers/STM32F3xx_HAL_Driver/Src/stm32f3xx_hal_pwr.c ****   *      may be used to endorse or promote products derived from this software
  28:Drivers/STM32F3xx_HAL_Driver/Src/stm32f3xx_hal_pwr.c ****   *      without specific prior written permission.
  29:Drivers/STM32F3xx_HAL_Driver/Src/stm32f3xx_hal_pwr.c ****   *
  30:Drivers/STM32F3xx_HAL_Driver/Src/stm32f3xx_hal_pwr.c ****   * THIS SOFTWARE IS PROVIDED BY THE COPYRIGHT HOLDERS AND CONTRIBUTORS "AS IS"
ARM GAS  /tmp/ccWORQMT.s 			page 2


  31:Drivers/STM32F3xx_HAL_Driver/Src/stm32f3xx_hal_pwr.c ****   * AND ANY EXPRESS OR IMPLIED WARRANTIES, INCLUDING, BUT NOT LIMITED TO, THE
  32:Drivers/STM32F3xx_HAL_Driver/Src/stm32f3xx_hal_pwr.c ****   * IMPLIED WARRANTIES OF MERCHANTABILITY AND FITNESS FOR A PARTICULAR PURPOSE ARE
  33:Drivers/STM32F3xx_HAL_Driver/Src/stm32f3xx_hal_pwr.c ****   * DISCLAIMED. IN NO EVENT SHALL THE COPYRIGHT HOLDER OR CONTRIBUTORS BE LIABLE
  34:Drivers/STM32F3xx_HAL_Driver/Src/stm32f3xx_hal_pwr.c ****   * FOR ANY DIRECT, INDIRECT, INCIDENTAL, SPECIAL, EXEMPLARY, OR CONSEQUENTIAL
  35:Drivers/STM32F3xx_HAL_Driver/Src/stm32f3xx_hal_pwr.c ****   * DAMAGES (INCLUDING, BUT NOT LIMITED TO, PROCUREMENT OF SUBSTITUTE GOODS OR
  36:Drivers/STM32F3xx_HAL_Driver/Src/stm32f3xx_hal_pwr.c ****   * SERVICES; LOSS OF USE, DATA, OR PROFITS; OR BUSINESS INTERRUPTION) HOWEVER
  37:Drivers/STM32F3xx_HAL_Driver/Src/stm32f3xx_hal_pwr.c ****   * CAUSED AND ON ANY THEORY OF LIABILITY, WHETHER IN CONTRACT, STRICT LIABILITY,
  38:Drivers/STM32F3xx_HAL_Driver/Src/stm32f3xx_hal_pwr.c ****   * OR TORT (INCLUDING NEGLIGENCE OR OTHERWISE) ARISING IN ANY WAY OUT OF THE USE
  39:Drivers/STM32F3xx_HAL_Driver/Src/stm32f3xx_hal_pwr.c ****   * OF THIS SOFTWARE, EVEN IF ADVISED OF THE POSSIBILITY OF SUCH DAMAGE.
  40:Drivers/STM32F3xx_HAL_Driver/Src/stm32f3xx_hal_pwr.c ****   *
  41:Drivers/STM32F3xx_HAL_Driver/Src/stm32f3xx_hal_pwr.c ****   ******************************************************************************
  42:Drivers/STM32F3xx_HAL_Driver/Src/stm32f3xx_hal_pwr.c ****   */
  43:Drivers/STM32F3xx_HAL_Driver/Src/stm32f3xx_hal_pwr.c **** 
  44:Drivers/STM32F3xx_HAL_Driver/Src/stm32f3xx_hal_pwr.c **** /* Includes ------------------------------------------------------------------*/
  45:Drivers/STM32F3xx_HAL_Driver/Src/stm32f3xx_hal_pwr.c **** #include "stm32f3xx_hal.h"
  46:Drivers/STM32F3xx_HAL_Driver/Src/stm32f3xx_hal_pwr.c **** 
  47:Drivers/STM32F3xx_HAL_Driver/Src/stm32f3xx_hal_pwr.c **** /** @addtogroup STM32F3xx_HAL_Driver
  48:Drivers/STM32F3xx_HAL_Driver/Src/stm32f3xx_hal_pwr.c ****   * @{
  49:Drivers/STM32F3xx_HAL_Driver/Src/stm32f3xx_hal_pwr.c ****   */
  50:Drivers/STM32F3xx_HAL_Driver/Src/stm32f3xx_hal_pwr.c **** 
  51:Drivers/STM32F3xx_HAL_Driver/Src/stm32f3xx_hal_pwr.c **** /** @defgroup PWR PWR
  52:Drivers/STM32F3xx_HAL_Driver/Src/stm32f3xx_hal_pwr.c ****   * @brief PWR HAL module driver
  53:Drivers/STM32F3xx_HAL_Driver/Src/stm32f3xx_hal_pwr.c ****   * @{
  54:Drivers/STM32F3xx_HAL_Driver/Src/stm32f3xx_hal_pwr.c ****   */
  55:Drivers/STM32F3xx_HAL_Driver/Src/stm32f3xx_hal_pwr.c **** 
  56:Drivers/STM32F3xx_HAL_Driver/Src/stm32f3xx_hal_pwr.c **** #ifdef HAL_PWR_MODULE_ENABLED
  57:Drivers/STM32F3xx_HAL_Driver/Src/stm32f3xx_hal_pwr.c **** 
  58:Drivers/STM32F3xx_HAL_Driver/Src/stm32f3xx_hal_pwr.c **** /* Private typedef -----------------------------------------------------------*/
  59:Drivers/STM32F3xx_HAL_Driver/Src/stm32f3xx_hal_pwr.c **** /* Private define ------------------------------------------------------------*/
  60:Drivers/STM32F3xx_HAL_Driver/Src/stm32f3xx_hal_pwr.c **** /* Private macro -------------------------------------------------------------*/
  61:Drivers/STM32F3xx_HAL_Driver/Src/stm32f3xx_hal_pwr.c **** /* Private variables ---------------------------------------------------------*/
  62:Drivers/STM32F3xx_HAL_Driver/Src/stm32f3xx_hal_pwr.c **** /* Private function prototypes -----------------------------------------------*/
  63:Drivers/STM32F3xx_HAL_Driver/Src/stm32f3xx_hal_pwr.c **** /* Private functions ---------------------------------------------------------*/
  64:Drivers/STM32F3xx_HAL_Driver/Src/stm32f3xx_hal_pwr.c **** 
  65:Drivers/STM32F3xx_HAL_Driver/Src/stm32f3xx_hal_pwr.c **** /** @defgroup PWR_Exported_Functions PWR Exported Functions
  66:Drivers/STM32F3xx_HAL_Driver/Src/stm32f3xx_hal_pwr.c ****   * @{
  67:Drivers/STM32F3xx_HAL_Driver/Src/stm32f3xx_hal_pwr.c ****   */
  68:Drivers/STM32F3xx_HAL_Driver/Src/stm32f3xx_hal_pwr.c **** 
  69:Drivers/STM32F3xx_HAL_Driver/Src/stm32f3xx_hal_pwr.c **** /** @defgroup PWR_Exported_Functions_Group1 Initialization and de-initialization functions 
  70:Drivers/STM32F3xx_HAL_Driver/Src/stm32f3xx_hal_pwr.c ****   *  @brief    Initialization and de-initialization functions
  71:Drivers/STM32F3xx_HAL_Driver/Src/stm32f3xx_hal_pwr.c ****   *
  72:Drivers/STM32F3xx_HAL_Driver/Src/stm32f3xx_hal_pwr.c **** @verbatim
  73:Drivers/STM32F3xx_HAL_Driver/Src/stm32f3xx_hal_pwr.c ****  ===============================================================================
  74:Drivers/STM32F3xx_HAL_Driver/Src/stm32f3xx_hal_pwr.c ****               ##### Initialization and de-initialization functions #####
  75:Drivers/STM32F3xx_HAL_Driver/Src/stm32f3xx_hal_pwr.c ****  ===============================================================================
  76:Drivers/STM32F3xx_HAL_Driver/Src/stm32f3xx_hal_pwr.c ****     [..]
  77:Drivers/STM32F3xx_HAL_Driver/Src/stm32f3xx_hal_pwr.c ****       After reset, the backup domain (RTC registers, RTC backup data
  78:Drivers/STM32F3xx_HAL_Driver/Src/stm32f3xx_hal_pwr.c ****       registers and backup SRAM) is protected against possible unwanted
  79:Drivers/STM32F3xx_HAL_Driver/Src/stm32f3xx_hal_pwr.c ****       write accesses.
  80:Drivers/STM32F3xx_HAL_Driver/Src/stm32f3xx_hal_pwr.c ****       To enable access to the RTC Domain and RTC registers, proceed as follows:
  81:Drivers/STM32F3xx_HAL_Driver/Src/stm32f3xx_hal_pwr.c ****         (+) Enable the Power Controller (PWR) APB1 interface clock using the
  82:Drivers/STM32F3xx_HAL_Driver/Src/stm32f3xx_hal_pwr.c ****             __HAL_RCC_PWR_CLK_ENABLE() macro.
  83:Drivers/STM32F3xx_HAL_Driver/Src/stm32f3xx_hal_pwr.c ****         (+) Enable access to RTC domain using the HAL_PWR_EnableBkUpAccess() function.
  84:Drivers/STM32F3xx_HAL_Driver/Src/stm32f3xx_hal_pwr.c **** 
  85:Drivers/STM32F3xx_HAL_Driver/Src/stm32f3xx_hal_pwr.c **** @endverbatim
  86:Drivers/STM32F3xx_HAL_Driver/Src/stm32f3xx_hal_pwr.c ****   * @{
  87:Drivers/STM32F3xx_HAL_Driver/Src/stm32f3xx_hal_pwr.c ****   */
ARM GAS  /tmp/ccWORQMT.s 			page 3


  88:Drivers/STM32F3xx_HAL_Driver/Src/stm32f3xx_hal_pwr.c **** 
  89:Drivers/STM32F3xx_HAL_Driver/Src/stm32f3xx_hal_pwr.c **** /**
  90:Drivers/STM32F3xx_HAL_Driver/Src/stm32f3xx_hal_pwr.c ****   * @brief Deinitializes the PWR peripheral registers to their default reset values.
  91:Drivers/STM32F3xx_HAL_Driver/Src/stm32f3xx_hal_pwr.c ****   * @retval None
  92:Drivers/STM32F3xx_HAL_Driver/Src/stm32f3xx_hal_pwr.c ****   */
  93:Drivers/STM32F3xx_HAL_Driver/Src/stm32f3xx_hal_pwr.c **** void HAL_PWR_DeInit(void)
  94:Drivers/STM32F3xx_HAL_Driver/Src/stm32f3xx_hal_pwr.c **** {
  29              		.loc 1 94 0
  30              		.cfi_startproc
  31              		@ args = 0, pretend = 0, frame = 0
  32              		@ frame_needed = 0, uses_anonymous_args = 0
  33              		@ link register save eliminated.
  95:Drivers/STM32F3xx_HAL_Driver/Src/stm32f3xx_hal_pwr.c ****   __HAL_RCC_PWR_FORCE_RESET();
  34              		.loc 1 95 0
  35 0000 044B     		ldr	r3, .L2
  36 0002 1A69     		ldr	r2, [r3, #16]
  37 0004 42F08052 		orr	r2, r2, #268435456
  38 0008 1A61     		str	r2, [r3, #16]
  96:Drivers/STM32F3xx_HAL_Driver/Src/stm32f3xx_hal_pwr.c ****   __HAL_RCC_PWR_RELEASE_RESET();
  39              		.loc 1 96 0
  40 000a 1A69     		ldr	r2, [r3, #16]
  41 000c 22F08052 		bic	r2, r2, #268435456
  42 0010 1A61     		str	r2, [r3, #16]
  43 0012 7047     		bx	lr
  44              	.L3:
  45              		.align	2
  46              	.L2:
  47 0014 00100240 		.word	1073876992
  48              		.cfi_endproc
  49              	.LFE123:
  51              		.section	.text.HAL_PWR_EnableBkUpAccess,"ax",%progbits
  52              		.align	2
  53              		.global	HAL_PWR_EnableBkUpAccess
  54              		.thumb
  55              		.thumb_func
  57              	HAL_PWR_EnableBkUpAccess:
  58              	.LFB124:
  97:Drivers/STM32F3xx_HAL_Driver/Src/stm32f3xx_hal_pwr.c **** }
  98:Drivers/STM32F3xx_HAL_Driver/Src/stm32f3xx_hal_pwr.c **** 
  99:Drivers/STM32F3xx_HAL_Driver/Src/stm32f3xx_hal_pwr.c **** /**
 100:Drivers/STM32F3xx_HAL_Driver/Src/stm32f3xx_hal_pwr.c ****   * @brief Enables access to the backup domain (RTC registers, RTC
 101:Drivers/STM32F3xx_HAL_Driver/Src/stm32f3xx_hal_pwr.c ****   *         backup data registers and backup SRAM).
 102:Drivers/STM32F3xx_HAL_Driver/Src/stm32f3xx_hal_pwr.c ****   * @note  If the HSE divided by 32 is used as the RTC clock, the
 103:Drivers/STM32F3xx_HAL_Driver/Src/stm32f3xx_hal_pwr.c ****   *         Backup Domain Access should be kept enabled.
 104:Drivers/STM32F3xx_HAL_Driver/Src/stm32f3xx_hal_pwr.c ****   * @retval None
 105:Drivers/STM32F3xx_HAL_Driver/Src/stm32f3xx_hal_pwr.c ****   */
 106:Drivers/STM32F3xx_HAL_Driver/Src/stm32f3xx_hal_pwr.c **** void HAL_PWR_EnableBkUpAccess(void)
 107:Drivers/STM32F3xx_HAL_Driver/Src/stm32f3xx_hal_pwr.c **** {
  59              		.loc 1 107 0
  60              		.cfi_startproc
  61              		@ args = 0, pretend = 0, frame = 0
  62              		@ frame_needed = 0, uses_anonymous_args = 0
  63              		@ link register save eliminated.
 108:Drivers/STM32F3xx_HAL_Driver/Src/stm32f3xx_hal_pwr.c ****   SET_BIT(PWR->CR, PWR_CR_DBP);  
  64              		.loc 1 108 0
  65 0000 024B     		ldr	r3, .L5
  66 0002 1A68     		ldr	r2, [r3]
ARM GAS  /tmp/ccWORQMT.s 			page 4


  67 0004 42F48072 		orr	r2, r2, #256
  68 0008 1A60     		str	r2, [r3]
  69 000a 7047     		bx	lr
  70              	.L6:
  71              		.align	2
  72              	.L5:
  73 000c 00700040 		.word	1073770496
  74              		.cfi_endproc
  75              	.LFE124:
  77              		.section	.text.HAL_PWR_DisableBkUpAccess,"ax",%progbits
  78              		.align	2
  79              		.global	HAL_PWR_DisableBkUpAccess
  80              		.thumb
  81              		.thumb_func
  83              	HAL_PWR_DisableBkUpAccess:
  84              	.LFB125:
 109:Drivers/STM32F3xx_HAL_Driver/Src/stm32f3xx_hal_pwr.c **** }
 110:Drivers/STM32F3xx_HAL_Driver/Src/stm32f3xx_hal_pwr.c **** 
 111:Drivers/STM32F3xx_HAL_Driver/Src/stm32f3xx_hal_pwr.c **** /**
 112:Drivers/STM32F3xx_HAL_Driver/Src/stm32f3xx_hal_pwr.c ****   * @brief Disables access to the backup domain (RTC registers, RTC
 113:Drivers/STM32F3xx_HAL_Driver/Src/stm32f3xx_hal_pwr.c ****   *         backup data registers and backup SRAM).
 114:Drivers/STM32F3xx_HAL_Driver/Src/stm32f3xx_hal_pwr.c ****   * @note  If the HSE divided by 32 is used as the RTC clock, the
 115:Drivers/STM32F3xx_HAL_Driver/Src/stm32f3xx_hal_pwr.c ****   *         Backup Domain Access should be kept enabled.
 116:Drivers/STM32F3xx_HAL_Driver/Src/stm32f3xx_hal_pwr.c ****   * @retval None
 117:Drivers/STM32F3xx_HAL_Driver/Src/stm32f3xx_hal_pwr.c ****   */
 118:Drivers/STM32F3xx_HAL_Driver/Src/stm32f3xx_hal_pwr.c **** void HAL_PWR_DisableBkUpAccess(void)
 119:Drivers/STM32F3xx_HAL_Driver/Src/stm32f3xx_hal_pwr.c **** {
  85              		.loc 1 119 0
  86              		.cfi_startproc
  87              		@ args = 0, pretend = 0, frame = 0
  88              		@ frame_needed = 0, uses_anonymous_args = 0
  89              		@ link register save eliminated.
 120:Drivers/STM32F3xx_HAL_Driver/Src/stm32f3xx_hal_pwr.c ****   CLEAR_BIT(PWR->CR, PWR_CR_DBP);  
  90              		.loc 1 120 0
  91 0000 024B     		ldr	r3, .L8
  92 0002 1A68     		ldr	r2, [r3]
  93 0004 22F48072 		bic	r2, r2, #256
  94 0008 1A60     		str	r2, [r3]
  95 000a 7047     		bx	lr
  96              	.L9:
  97              		.align	2
  98              	.L8:
  99 000c 00700040 		.word	1073770496
 100              		.cfi_endproc
 101              	.LFE125:
 103              		.section	.text.HAL_PWR_EnableWakeUpPin,"ax",%progbits
 104              		.align	2
 105              		.global	HAL_PWR_EnableWakeUpPin
 106              		.thumb
 107              		.thumb_func
 109              	HAL_PWR_EnableWakeUpPin:
 110              	.LFB126:
 121:Drivers/STM32F3xx_HAL_Driver/Src/stm32f3xx_hal_pwr.c **** }
 122:Drivers/STM32F3xx_HAL_Driver/Src/stm32f3xx_hal_pwr.c **** 
 123:Drivers/STM32F3xx_HAL_Driver/Src/stm32f3xx_hal_pwr.c **** /**
 124:Drivers/STM32F3xx_HAL_Driver/Src/stm32f3xx_hal_pwr.c ****   * @}
 125:Drivers/STM32F3xx_HAL_Driver/Src/stm32f3xx_hal_pwr.c ****   */
ARM GAS  /tmp/ccWORQMT.s 			page 5


 126:Drivers/STM32F3xx_HAL_Driver/Src/stm32f3xx_hal_pwr.c **** 
 127:Drivers/STM32F3xx_HAL_Driver/Src/stm32f3xx_hal_pwr.c **** /** @defgroup PWR_Exported_Functions_Group2 Peripheral Control functions 
 128:Drivers/STM32F3xx_HAL_Driver/Src/stm32f3xx_hal_pwr.c ****   *  @brief Low Power modes configuration functions
 129:Drivers/STM32F3xx_HAL_Driver/Src/stm32f3xx_hal_pwr.c ****   *
 130:Drivers/STM32F3xx_HAL_Driver/Src/stm32f3xx_hal_pwr.c **** @verbatim
 131:Drivers/STM32F3xx_HAL_Driver/Src/stm32f3xx_hal_pwr.c **** 
 132:Drivers/STM32F3xx_HAL_Driver/Src/stm32f3xx_hal_pwr.c ****  ===============================================================================
 133:Drivers/STM32F3xx_HAL_Driver/Src/stm32f3xx_hal_pwr.c ****                  ##### Peripheral Control functions #####
 134:Drivers/STM32F3xx_HAL_Driver/Src/stm32f3xx_hal_pwr.c ****  ===============================================================================
 135:Drivers/STM32F3xx_HAL_Driver/Src/stm32f3xx_hal_pwr.c ****     
 136:Drivers/STM32F3xx_HAL_Driver/Src/stm32f3xx_hal_pwr.c ****     *** WakeUp pin configuration ***
 137:Drivers/STM32F3xx_HAL_Driver/Src/stm32f3xx_hal_pwr.c ****     ================================
 138:Drivers/STM32F3xx_HAL_Driver/Src/stm32f3xx_hal_pwr.c ****     [..]
 139:Drivers/STM32F3xx_HAL_Driver/Src/stm32f3xx_hal_pwr.c ****       (+) WakeUp pin is used to wakeup the system from Standby mode. This pin is
 140:Drivers/STM32F3xx_HAL_Driver/Src/stm32f3xx_hal_pwr.c ****           forced in input pull down configuration and is active on rising edges.
 141:Drivers/STM32F3xx_HAL_Driver/Src/stm32f3xx_hal_pwr.c ****       (+) There are up to three WakeUp pins:
 142:Drivers/STM32F3xx_HAL_Driver/Src/stm32f3xx_hal_pwr.c ****           (++)WakeUp Pin 1 on PA.00.
 143:Drivers/STM32F3xx_HAL_Driver/Src/stm32f3xx_hal_pwr.c ****           (++)WakeUp Pin 2 on PC.13 (STM32F303xC, STM32F303xE only).
 144:Drivers/STM32F3xx_HAL_Driver/Src/stm32f3xx_hal_pwr.c ****           (++)WakeUp Pin 3 on PE.06.
 145:Drivers/STM32F3xx_HAL_Driver/Src/stm32f3xx_hal_pwr.c **** 
 146:Drivers/STM32F3xx_HAL_Driver/Src/stm32f3xx_hal_pwr.c ****     *** Main and Backup Regulators configuration ***
 147:Drivers/STM32F3xx_HAL_Driver/Src/stm32f3xx_hal_pwr.c ****     ================================================
 148:Drivers/STM32F3xx_HAL_Driver/Src/stm32f3xx_hal_pwr.c ****     [..]
 149:Drivers/STM32F3xx_HAL_Driver/Src/stm32f3xx_hal_pwr.c ****       (+) When the backup domain is supplied by VDD (analog switch connected to VDD)
 150:Drivers/STM32F3xx_HAL_Driver/Src/stm32f3xx_hal_pwr.c ****           the backup SRAM is powered from VDD which replaces the VBAT power supply to
 151:Drivers/STM32F3xx_HAL_Driver/Src/stm32f3xx_hal_pwr.c ****           save battery life.
 152:Drivers/STM32F3xx_HAL_Driver/Src/stm32f3xx_hal_pwr.c **** 
 153:Drivers/STM32F3xx_HAL_Driver/Src/stm32f3xx_hal_pwr.c ****       (+) The backup SRAM is not mass erased by a tamper event. It is read
 154:Drivers/STM32F3xx_HAL_Driver/Src/stm32f3xx_hal_pwr.c ****           protected to prevent confidential data, such as cryptographic private
 155:Drivers/STM32F3xx_HAL_Driver/Src/stm32f3xx_hal_pwr.c ****           key, from being accessed. The backup SRAM can be erased only through
 156:Drivers/STM32F3xx_HAL_Driver/Src/stm32f3xx_hal_pwr.c ****           the Flash interface when a protection level change from level 1 to
 157:Drivers/STM32F3xx_HAL_Driver/Src/stm32f3xx_hal_pwr.c ****           level 0 is requested.
 158:Drivers/STM32F3xx_HAL_Driver/Src/stm32f3xx_hal_pwr.c ****       -@- Refer to the description of Read protection (RDP) in the Flash
 159:Drivers/STM32F3xx_HAL_Driver/Src/stm32f3xx_hal_pwr.c ****           programming manual.
 160:Drivers/STM32F3xx_HAL_Driver/Src/stm32f3xx_hal_pwr.c **** 
 161:Drivers/STM32F3xx_HAL_Driver/Src/stm32f3xx_hal_pwr.c ****         Refer to the datasheets for more details.
 162:Drivers/STM32F3xx_HAL_Driver/Src/stm32f3xx_hal_pwr.c **** 
 163:Drivers/STM32F3xx_HAL_Driver/Src/stm32f3xx_hal_pwr.c ****     *** Low Power modes configuration ***
 164:Drivers/STM32F3xx_HAL_Driver/Src/stm32f3xx_hal_pwr.c ****     =====================================
 165:Drivers/STM32F3xx_HAL_Driver/Src/stm32f3xx_hal_pwr.c ****     [..]
 166:Drivers/STM32F3xx_HAL_Driver/Src/stm32f3xx_hal_pwr.c ****       The devices feature 3 low-power modes:
 167:Drivers/STM32F3xx_HAL_Driver/Src/stm32f3xx_hal_pwr.c ****       (+) Sleep mode: Cortex-M4 core stopped, peripherals kept running.
 168:Drivers/STM32F3xx_HAL_Driver/Src/stm32f3xx_hal_pwr.c ****       (+) Stop mode: all clocks are stopped, regulator running, regulator
 169:Drivers/STM32F3xx_HAL_Driver/Src/stm32f3xx_hal_pwr.c ****           in low power mode
 170:Drivers/STM32F3xx_HAL_Driver/Src/stm32f3xx_hal_pwr.c ****       (+) Standby mode: 1.2V domain powered off (mode not available on STM32F3x8 devices).
 171:Drivers/STM32F3xx_HAL_Driver/Src/stm32f3xx_hal_pwr.c **** 
 172:Drivers/STM32F3xx_HAL_Driver/Src/stm32f3xx_hal_pwr.c ****    *** Sleep mode ***
 173:Drivers/STM32F3xx_HAL_Driver/Src/stm32f3xx_hal_pwr.c ****    ==================
 174:Drivers/STM32F3xx_HAL_Driver/Src/stm32f3xx_hal_pwr.c ****     [..]
 175:Drivers/STM32F3xx_HAL_Driver/Src/stm32f3xx_hal_pwr.c ****       (+) Entry:
 176:Drivers/STM32F3xx_HAL_Driver/Src/stm32f3xx_hal_pwr.c ****           The Sleep mode is entered by using the HAL_PWR_EnterSLEEPMode(PWR_MAINREGULATOR_ON, PWR_S
 177:Drivers/STM32F3xx_HAL_Driver/Src/stm32f3xx_hal_pwr.c ****               functions with
 178:Drivers/STM32F3xx_HAL_Driver/Src/stm32f3xx_hal_pwr.c ****           (++) PWR_SLEEPENTRY_WFI: enter SLEEP mode with WFI instruction
 179:Drivers/STM32F3xx_HAL_Driver/Src/stm32f3xx_hal_pwr.c ****           (++) PWR_SLEEPENTRY_WFE: enter SLEEP mode with WFE instruction
 180:Drivers/STM32F3xx_HAL_Driver/Src/stm32f3xx_hal_pwr.c ****      
 181:Drivers/STM32F3xx_HAL_Driver/Src/stm32f3xx_hal_pwr.c ****       (+) Exit:
 182:Drivers/STM32F3xx_HAL_Driver/Src/stm32f3xx_hal_pwr.c ****         (++) Any peripheral interrupt acknowledged by the nested vectored interrupt
ARM GAS  /tmp/ccWORQMT.s 			page 6


 183:Drivers/STM32F3xx_HAL_Driver/Src/stm32f3xx_hal_pwr.c ****               controller (NVIC) can wake up the device from Sleep mode.
 184:Drivers/STM32F3xx_HAL_Driver/Src/stm32f3xx_hal_pwr.c **** 
 185:Drivers/STM32F3xx_HAL_Driver/Src/stm32f3xx_hal_pwr.c ****    *** Stop mode ***
 186:Drivers/STM32F3xx_HAL_Driver/Src/stm32f3xx_hal_pwr.c ****    =================
 187:Drivers/STM32F3xx_HAL_Driver/Src/stm32f3xx_hal_pwr.c ****     [..]
 188:Drivers/STM32F3xx_HAL_Driver/Src/stm32f3xx_hal_pwr.c ****       In Stop mode, all clocks in the 1.8V domain are stopped, the PLL, the HSI,
 189:Drivers/STM32F3xx_HAL_Driver/Src/stm32f3xx_hal_pwr.c ****       and the HSE RC oscillators are disabled. Internal SRAM and register contents
 190:Drivers/STM32F3xx_HAL_Driver/Src/stm32f3xx_hal_pwr.c ****       are preserved.
 191:Drivers/STM32F3xx_HAL_Driver/Src/stm32f3xx_hal_pwr.c ****       The voltage regulator can be configured either in normal or low-power mode to minimize the co
 192:Drivers/STM32F3xx_HAL_Driver/Src/stm32f3xx_hal_pwr.c **** 
 193:Drivers/STM32F3xx_HAL_Driver/Src/stm32f3xx_hal_pwr.c ****       (+) Entry:
 194:Drivers/STM32F3xx_HAL_Driver/Src/stm32f3xx_hal_pwr.c ****           The Stop mode is entered using the HAL_PWR_EnterSTOPMode(PWR_MAINREGULATOR_ON, PWR_STOPEN
 195:Drivers/STM32F3xx_HAL_Driver/Src/stm32f3xx_hal_pwr.c ****              function with:
 196:Drivers/STM32F3xx_HAL_Driver/Src/stm32f3xx_hal_pwr.c ****           (++) Main regulator ON or
 197:Drivers/STM32F3xx_HAL_Driver/Src/stm32f3xx_hal_pwr.c ****           (++) Low Power regulator ON.
 198:Drivers/STM32F3xx_HAL_Driver/Src/stm32f3xx_hal_pwr.c ****           (++) PWR_STOPENTRY_WFI: enter STOP mode with WFI instruction or
 199:Drivers/STM32F3xx_HAL_Driver/Src/stm32f3xx_hal_pwr.c ****           (++) PWR_STOPENTRY_WFE: enter STOP mode with WFE instruction
 200:Drivers/STM32F3xx_HAL_Driver/Src/stm32f3xx_hal_pwr.c ****       (+) Exit:
 201:Drivers/STM32F3xx_HAL_Driver/Src/stm32f3xx_hal_pwr.c ****           (++) Any EXTI Line (Internal or External) configured in Interrupt/Event mode.
 202:Drivers/STM32F3xx_HAL_Driver/Src/stm32f3xx_hal_pwr.c ****           (++) Some specific communication peripherals (CEC, USART, I2C) interrupts, 
 203:Drivers/STM32F3xx_HAL_Driver/Src/stm32f3xx_hal_pwr.c ****                when programmed in wakeup mode (the peripheral must be 
 204:Drivers/STM32F3xx_HAL_Driver/Src/stm32f3xx_hal_pwr.c ****                programmed in wakeup mode and the corresponding interrupt vector 
 205:Drivers/STM32F3xx_HAL_Driver/Src/stm32f3xx_hal_pwr.c ****                must be enabled in the NVIC).
 206:Drivers/STM32F3xx_HAL_Driver/Src/stm32f3xx_hal_pwr.c **** 
 207:Drivers/STM32F3xx_HAL_Driver/Src/stm32f3xx_hal_pwr.c ****    *** Standby mode ***
 208:Drivers/STM32F3xx_HAL_Driver/Src/stm32f3xx_hal_pwr.c ****    ====================
 209:Drivers/STM32F3xx_HAL_Driver/Src/stm32f3xx_hal_pwr.c ****      [..]
 210:Drivers/STM32F3xx_HAL_Driver/Src/stm32f3xx_hal_pwr.c ****       The Standby mode allows to achieve the lowest power consumption. It is based
 211:Drivers/STM32F3xx_HAL_Driver/Src/stm32f3xx_hal_pwr.c ****       on the Cortex-M4 deep sleep mode, with the voltage regulator disabled.
 212:Drivers/STM32F3xx_HAL_Driver/Src/stm32f3xx_hal_pwr.c ****       The 1.8V domain is consequently powered off. The PLL, the HSI oscillator and
 213:Drivers/STM32F3xx_HAL_Driver/Src/stm32f3xx_hal_pwr.c ****       the HSE oscillator are also switched off. SRAM and register contents are lost
 214:Drivers/STM32F3xx_HAL_Driver/Src/stm32f3xx_hal_pwr.c ****       except for the RTC registers, RTC backup registers, backup SRAM and Standby
 215:Drivers/STM32F3xx_HAL_Driver/Src/stm32f3xx_hal_pwr.c ****       circuitry.
 216:Drivers/STM32F3xx_HAL_Driver/Src/stm32f3xx_hal_pwr.c ****       The voltage regulator is OFF.
 217:Drivers/STM32F3xx_HAL_Driver/Src/stm32f3xx_hal_pwr.c **** 
 218:Drivers/STM32F3xx_HAL_Driver/Src/stm32f3xx_hal_pwr.c ****       (+) Entry:
 219:Drivers/STM32F3xx_HAL_Driver/Src/stm32f3xx_hal_pwr.c ****           (++) The Standby mode is entered using the HAL_PWR_EnterSTANDBYMode() function.
 220:Drivers/STM32F3xx_HAL_Driver/Src/stm32f3xx_hal_pwr.c ****       (+) Exit:
 221:Drivers/STM32F3xx_HAL_Driver/Src/stm32f3xx_hal_pwr.c ****           (++) WKUP pin rising edge, RTC alarm (Alarm A and Alarm B), RTC wakeup,
 222:Drivers/STM32F3xx_HAL_Driver/Src/stm32f3xx_hal_pwr.c ****                tamper event, time-stamp event, external reset in NRST pin, IWDG reset.
 223:Drivers/STM32F3xx_HAL_Driver/Src/stm32f3xx_hal_pwr.c **** 
 224:Drivers/STM32F3xx_HAL_Driver/Src/stm32f3xx_hal_pwr.c ****    *** Auto-wakeup (AWU) from low-power mode ***
 225:Drivers/STM32F3xx_HAL_Driver/Src/stm32f3xx_hal_pwr.c ****    =============================================
 226:Drivers/STM32F3xx_HAL_Driver/Src/stm32f3xx_hal_pwr.c ****     [..]
 227:Drivers/STM32F3xx_HAL_Driver/Src/stm32f3xx_hal_pwr.c ****       The MCU can be woken up from low-power mode by an RTC Alarm event, an RTC
 228:Drivers/STM32F3xx_HAL_Driver/Src/stm32f3xx_hal_pwr.c ****       Wakeup event, a tamper event, a time-stamp event, or a comparator event, 
 229:Drivers/STM32F3xx_HAL_Driver/Src/stm32f3xx_hal_pwr.c ****       without depending on an external interrupt (Auto-wakeup mode).
 230:Drivers/STM32F3xx_HAL_Driver/Src/stm32f3xx_hal_pwr.c **** 
 231:Drivers/STM32F3xx_HAL_Driver/Src/stm32f3xx_hal_pwr.c ****     (+) RTC auto-wakeup (AWU) from the Stop and Standby modes
 232:Drivers/STM32F3xx_HAL_Driver/Src/stm32f3xx_hal_pwr.c **** 
 233:Drivers/STM32F3xx_HAL_Driver/Src/stm32f3xx_hal_pwr.c ****       (++) To wake up from the Stop mode with an RTC alarm event, it is necessary to
 234:Drivers/STM32F3xx_HAL_Driver/Src/stm32f3xx_hal_pwr.c ****             configure the RTC to generate the RTC alarm using the HAL_RTC_SetAlarm_IT() function.
 235:Drivers/STM32F3xx_HAL_Driver/Src/stm32f3xx_hal_pwr.c **** 
 236:Drivers/STM32F3xx_HAL_Driver/Src/stm32f3xx_hal_pwr.c ****       (++) To wake up from the Stop mode with an RTC Tamper or time stamp event, it
 237:Drivers/STM32F3xx_HAL_Driver/Src/stm32f3xx_hal_pwr.c ****            is necessary to configure the RTC to detect the tamper or time stamp event using the
 238:Drivers/STM32F3xx_HAL_Driver/Src/stm32f3xx_hal_pwr.c ****            HAL_RTC_SetTimeStamp_IT() or HAL_RTC_SetTamper_IT() functions.
 239:Drivers/STM32F3xx_HAL_Driver/Src/stm32f3xx_hal_pwr.c **** 
ARM GAS  /tmp/ccWORQMT.s 			page 7


 240:Drivers/STM32F3xx_HAL_Driver/Src/stm32f3xx_hal_pwr.c ****       (++) To wake up from the Stop mode with an RTC WakeUp event, it is necessary to
 241:Drivers/STM32F3xx_HAL_Driver/Src/stm32f3xx_hal_pwr.c ****            configure the RTC to generate the RTC WakeUp event using the HAL_RTC_SetWakeUpTimer_IT()
 242:Drivers/STM32F3xx_HAL_Driver/Src/stm32f3xx_hal_pwr.c **** 
 243:Drivers/STM32F3xx_HAL_Driver/Src/stm32f3xx_hal_pwr.c ****     (+) Comparator auto-wakeup (AWU) from the Stop mode
 244:Drivers/STM32F3xx_HAL_Driver/Src/stm32f3xx_hal_pwr.c **** 
 245:Drivers/STM32F3xx_HAL_Driver/Src/stm32f3xx_hal_pwr.c ****       (++) To wake up from the Stop mode with a comparator wakeup event, it is necessary to:
 246:Drivers/STM32F3xx_HAL_Driver/Src/stm32f3xx_hal_pwr.c ****            (+++) Configure the EXTI Line associated with the comparator (example EXTI Line 22 for c
 247:Drivers/STM32F3xx_HAL_Driver/Src/stm32f3xx_hal_pwr.c ****                  to be sensitive to to the selected edges (falling, rising or falling 
 248:Drivers/STM32F3xx_HAL_Driver/Src/stm32f3xx_hal_pwr.c ****                  and rising) (Interrupt or Event modes) using the EXTI_Init() function.
 249:Drivers/STM32F3xx_HAL_Driver/Src/stm32f3xx_hal_pwr.c ****            (+++) Configure the comparator to generate the event.      
 250:Drivers/STM32F3xx_HAL_Driver/Src/stm32f3xx_hal_pwr.c **** @endverbatim
 251:Drivers/STM32F3xx_HAL_Driver/Src/stm32f3xx_hal_pwr.c ****   * @{
 252:Drivers/STM32F3xx_HAL_Driver/Src/stm32f3xx_hal_pwr.c ****   */
 253:Drivers/STM32F3xx_HAL_Driver/Src/stm32f3xx_hal_pwr.c **** 
 254:Drivers/STM32F3xx_HAL_Driver/Src/stm32f3xx_hal_pwr.c **** /**
 255:Drivers/STM32F3xx_HAL_Driver/Src/stm32f3xx_hal_pwr.c ****   * @brief Enables the WakeUp PINx functionality.
 256:Drivers/STM32F3xx_HAL_Driver/Src/stm32f3xx_hal_pwr.c ****   * @param WakeUpPinx: Specifies the Power Wake-Up pin to enable.
 257:Drivers/STM32F3xx_HAL_Driver/Src/stm32f3xx_hal_pwr.c ****   *         This parameter can be value of :
 258:Drivers/STM32F3xx_HAL_Driver/Src/stm32f3xx_hal_pwr.c ****   *           @ref PWR_WakeUp_Pins
 259:Drivers/STM32F3xx_HAL_Driver/Src/stm32f3xx_hal_pwr.c ****   * @retval None
 260:Drivers/STM32F3xx_HAL_Driver/Src/stm32f3xx_hal_pwr.c ****   */
 261:Drivers/STM32F3xx_HAL_Driver/Src/stm32f3xx_hal_pwr.c **** void HAL_PWR_EnableWakeUpPin(uint32_t WakeUpPinx)
 262:Drivers/STM32F3xx_HAL_Driver/Src/stm32f3xx_hal_pwr.c **** {
 111              		.loc 1 262 0
 112              		.cfi_startproc
 113              		@ args = 0, pretend = 0, frame = 0
 114              		@ frame_needed = 0, uses_anonymous_args = 0
 115              		@ link register save eliminated.
 116              	.LVL0:
 263:Drivers/STM32F3xx_HAL_Driver/Src/stm32f3xx_hal_pwr.c ****   /* Check the parameters */
 264:Drivers/STM32F3xx_HAL_Driver/Src/stm32f3xx_hal_pwr.c ****   assert_param(IS_PWR_WAKEUP_PIN(WakeUpPinx));
 265:Drivers/STM32F3xx_HAL_Driver/Src/stm32f3xx_hal_pwr.c ****   /* Enable the EWUPx pin */
 266:Drivers/STM32F3xx_HAL_Driver/Src/stm32f3xx_hal_pwr.c ****   SET_BIT(PWR->CSR, WakeUpPinx);
 117              		.loc 1 266 0
 118 0000 024B     		ldr	r3, .L11
 119 0002 5A68     		ldr	r2, [r3, #4]
 120 0004 1043     		orrs	r0, r0, r2
 121              	.LVL1:
 122 0006 5860     		str	r0, [r3, #4]
 123 0008 7047     		bx	lr
 124              	.L12:
 125 000a 00BF     		.align	2
 126              	.L11:
 127 000c 00700040 		.word	1073770496
 128              		.cfi_endproc
 129              	.LFE126:
 131              		.section	.text.HAL_PWR_DisableWakeUpPin,"ax",%progbits
 132              		.align	2
 133              		.global	HAL_PWR_DisableWakeUpPin
 134              		.thumb
 135              		.thumb_func
 137              	HAL_PWR_DisableWakeUpPin:
 138              	.LFB127:
 267:Drivers/STM32F3xx_HAL_Driver/Src/stm32f3xx_hal_pwr.c **** }
 268:Drivers/STM32F3xx_HAL_Driver/Src/stm32f3xx_hal_pwr.c **** 
 269:Drivers/STM32F3xx_HAL_Driver/Src/stm32f3xx_hal_pwr.c **** /**
 270:Drivers/STM32F3xx_HAL_Driver/Src/stm32f3xx_hal_pwr.c ****   * @brief Disables the WakeUp PINx functionality.
ARM GAS  /tmp/ccWORQMT.s 			page 8


 271:Drivers/STM32F3xx_HAL_Driver/Src/stm32f3xx_hal_pwr.c ****   * @param WakeUpPinx: Specifies the Power Wake-Up pin to disable.
 272:Drivers/STM32F3xx_HAL_Driver/Src/stm32f3xx_hal_pwr.c ****   *         This parameter can be values of :
 273:Drivers/STM32F3xx_HAL_Driver/Src/stm32f3xx_hal_pwr.c ****   *           @ref PWR_WakeUp_Pins
 274:Drivers/STM32F3xx_HAL_Driver/Src/stm32f3xx_hal_pwr.c ****   * @retval None
 275:Drivers/STM32F3xx_HAL_Driver/Src/stm32f3xx_hal_pwr.c ****   */
 276:Drivers/STM32F3xx_HAL_Driver/Src/stm32f3xx_hal_pwr.c **** void HAL_PWR_DisableWakeUpPin(uint32_t WakeUpPinx)
 277:Drivers/STM32F3xx_HAL_Driver/Src/stm32f3xx_hal_pwr.c **** {
 139              		.loc 1 277 0
 140              		.cfi_startproc
 141              		@ args = 0, pretend = 0, frame = 0
 142              		@ frame_needed = 0, uses_anonymous_args = 0
 143              		@ link register save eliminated.
 144              	.LVL2:
 278:Drivers/STM32F3xx_HAL_Driver/Src/stm32f3xx_hal_pwr.c ****   /* Check the parameters */
 279:Drivers/STM32F3xx_HAL_Driver/Src/stm32f3xx_hal_pwr.c ****   assert_param(IS_PWR_WAKEUP_PIN(WakeUpPinx));
 280:Drivers/STM32F3xx_HAL_Driver/Src/stm32f3xx_hal_pwr.c ****   /* Disable the EWUPx pin */
 281:Drivers/STM32F3xx_HAL_Driver/Src/stm32f3xx_hal_pwr.c ****   CLEAR_BIT(PWR->CSR, WakeUpPinx);
 145              		.loc 1 281 0
 146 0000 024B     		ldr	r3, .L14
 147 0002 5A68     		ldr	r2, [r3, #4]
 148 0004 22EA0000 		bic	r0, r2, r0
 149              	.LVL3:
 150 0008 5860     		str	r0, [r3, #4]
 151 000a 7047     		bx	lr
 152              	.L15:
 153              		.align	2
 154              	.L14:
 155 000c 00700040 		.word	1073770496
 156              		.cfi_endproc
 157              	.LFE127:
 159              		.section	.text.HAL_PWR_EnterSLEEPMode,"ax",%progbits
 160              		.align	2
 161              		.global	HAL_PWR_EnterSLEEPMode
 162              		.thumb
 163              		.thumb_func
 165              	HAL_PWR_EnterSLEEPMode:
 166              	.LFB128:
 282:Drivers/STM32F3xx_HAL_Driver/Src/stm32f3xx_hal_pwr.c **** }
 283:Drivers/STM32F3xx_HAL_Driver/Src/stm32f3xx_hal_pwr.c **** 
 284:Drivers/STM32F3xx_HAL_Driver/Src/stm32f3xx_hal_pwr.c **** /**
 285:Drivers/STM32F3xx_HAL_Driver/Src/stm32f3xx_hal_pwr.c ****   * @brief Enters Sleep mode.
 286:Drivers/STM32F3xx_HAL_Driver/Src/stm32f3xx_hal_pwr.c ****   * @note  In Sleep mode, all I/O pins keep the same state as in Run mode.
 287:Drivers/STM32F3xx_HAL_Driver/Src/stm32f3xx_hal_pwr.c ****   * @param Regulator: Specifies the regulator state in SLEEP mode.
 288:Drivers/STM32F3xx_HAL_Driver/Src/stm32f3xx_hal_pwr.c ****   *          This parameter can be one of the following values:
 289:Drivers/STM32F3xx_HAL_Driver/Src/stm32f3xx_hal_pwr.c ****   *            @arg PWR_MAINREGULATOR_ON: SLEEP mode with regulator ON
 290:Drivers/STM32F3xx_HAL_Driver/Src/stm32f3xx_hal_pwr.c ****   *            @arg PWR_LOWPOWERREGULATOR_ON: SLEEP mode with low power regulator ON
 291:Drivers/STM32F3xx_HAL_Driver/Src/stm32f3xx_hal_pwr.c ****   * @note This parameter has no effect in F3 family and is just maintained to 
 292:Drivers/STM32F3xx_HAL_Driver/Src/stm32f3xx_hal_pwr.c ****   *       offer full portability of other STM32 families softwares.
 293:Drivers/STM32F3xx_HAL_Driver/Src/stm32f3xx_hal_pwr.c ****   * @param SLEEPEntry: Specifies if SLEEP mode is entered with WFI or WFE instruction.
 294:Drivers/STM32F3xx_HAL_Driver/Src/stm32f3xx_hal_pwr.c ****   *           When WFI entry is used, tick interrupt have to be disabled if not desired as 
 295:Drivers/STM32F3xx_HAL_Driver/Src/stm32f3xx_hal_pwr.c ****   *           the interrupt wake up source.
 296:Drivers/STM32F3xx_HAL_Driver/Src/stm32f3xx_hal_pwr.c ****   *           This parameter can be one of the following values:
 297:Drivers/STM32F3xx_HAL_Driver/Src/stm32f3xx_hal_pwr.c ****   *            @arg PWR_SLEEPENTRY_WFI: enter SLEEP mode with WFI instruction
 298:Drivers/STM32F3xx_HAL_Driver/Src/stm32f3xx_hal_pwr.c ****   *            @arg PWR_SLEEPENTRY_WFE: enter SLEEP mode with WFE instruction
 299:Drivers/STM32F3xx_HAL_Driver/Src/stm32f3xx_hal_pwr.c ****   * @retval None
 300:Drivers/STM32F3xx_HAL_Driver/Src/stm32f3xx_hal_pwr.c ****   */
 301:Drivers/STM32F3xx_HAL_Driver/Src/stm32f3xx_hal_pwr.c **** void HAL_PWR_EnterSLEEPMode(uint32_t Regulator, uint8_t SLEEPEntry)
ARM GAS  /tmp/ccWORQMT.s 			page 9


 302:Drivers/STM32F3xx_HAL_Driver/Src/stm32f3xx_hal_pwr.c **** {
 167              		.loc 1 302 0
 168              		.cfi_startproc
 169              		@ args = 0, pretend = 0, frame = 0
 170              		@ frame_needed = 0, uses_anonymous_args = 0
 171              		@ link register save eliminated.
 172              	.LVL4:
 303:Drivers/STM32F3xx_HAL_Driver/Src/stm32f3xx_hal_pwr.c ****   /* Check the parameters */
 304:Drivers/STM32F3xx_HAL_Driver/Src/stm32f3xx_hal_pwr.c ****   assert_param(IS_PWR_SLEEP_ENTRY(SLEEPEntry));
 305:Drivers/STM32F3xx_HAL_Driver/Src/stm32f3xx_hal_pwr.c **** 
 306:Drivers/STM32F3xx_HAL_Driver/Src/stm32f3xx_hal_pwr.c ****   /* Clear SLEEPDEEP bit of Cortex System Control Register */
 307:Drivers/STM32F3xx_HAL_Driver/Src/stm32f3xx_hal_pwr.c ****   SCB->SCR &= (uint32_t)~((uint32_t)SCB_SCR_SLEEPDEEP_Msk);
 173              		.loc 1 307 0
 174 0000 064B     		ldr	r3, .L19
 175 0002 1A69     		ldr	r2, [r3, #16]
 176 0004 22F00402 		bic	r2, r2, #4
 177 0008 1A61     		str	r2, [r3, #16]
 308:Drivers/STM32F3xx_HAL_Driver/Src/stm32f3xx_hal_pwr.c **** 
 309:Drivers/STM32F3xx_HAL_Driver/Src/stm32f3xx_hal_pwr.c ****   /* Select SLEEP mode entry -------------------------------------------------*/
 310:Drivers/STM32F3xx_HAL_Driver/Src/stm32f3xx_hal_pwr.c ****   if(SLEEPEntry == PWR_SLEEPENTRY_WFI)
 178              		.loc 1 310 0
 179 000a 0129     		cmp	r1, #1
 180 000c 01D1     		bne	.L17
 181              	.LBB20:
 182              	.LBB21:
 183              		.file 2 "Drivers/CMSIS/Include/cmsis_gcc.h"
   1:Drivers/CMSIS/Include/cmsis_gcc.h **** /**************************************************************************//**
   2:Drivers/CMSIS/Include/cmsis_gcc.h ****  * @file     cmsis_gcc.h
   3:Drivers/CMSIS/Include/cmsis_gcc.h ****  * @brief    CMSIS Cortex-M Core Function/Instruction Header File
   4:Drivers/CMSIS/Include/cmsis_gcc.h ****  * @version  V4.30
   5:Drivers/CMSIS/Include/cmsis_gcc.h ****  * @date     20. October 2015
   6:Drivers/CMSIS/Include/cmsis_gcc.h ****  ******************************************************************************/
   7:Drivers/CMSIS/Include/cmsis_gcc.h **** /* Copyright (c) 2009 - 2015 ARM LIMITED
   8:Drivers/CMSIS/Include/cmsis_gcc.h **** 
   9:Drivers/CMSIS/Include/cmsis_gcc.h ****    All rights reserved.
  10:Drivers/CMSIS/Include/cmsis_gcc.h ****    Redistribution and use in source and binary forms, with or without
  11:Drivers/CMSIS/Include/cmsis_gcc.h ****    modification, are permitted provided that the following conditions are met:
  12:Drivers/CMSIS/Include/cmsis_gcc.h ****    - Redistributions of source code must retain the above copyright
  13:Drivers/CMSIS/Include/cmsis_gcc.h ****      notice, this list of conditions and the following disclaimer.
  14:Drivers/CMSIS/Include/cmsis_gcc.h ****    - Redistributions in binary form must reproduce the above copyright
  15:Drivers/CMSIS/Include/cmsis_gcc.h ****      notice, this list of conditions and the following disclaimer in the
  16:Drivers/CMSIS/Include/cmsis_gcc.h ****      documentation and/or other materials provided with the distribution.
  17:Drivers/CMSIS/Include/cmsis_gcc.h ****    - Neither the name of ARM nor the names of its contributors may be used
  18:Drivers/CMSIS/Include/cmsis_gcc.h ****      to endorse or promote products derived from this software without
  19:Drivers/CMSIS/Include/cmsis_gcc.h ****      specific prior written permission.
  20:Drivers/CMSIS/Include/cmsis_gcc.h ****    *
  21:Drivers/CMSIS/Include/cmsis_gcc.h ****    THIS SOFTWARE IS PROVIDED BY THE COPYRIGHT HOLDERS AND CONTRIBUTORS "AS IS"
  22:Drivers/CMSIS/Include/cmsis_gcc.h ****    AND ANY EXPRESS OR IMPLIED WARRANTIES, INCLUDING, BUT NOT LIMITED TO, THE
  23:Drivers/CMSIS/Include/cmsis_gcc.h ****    IMPLIED WARRANTIES OF MERCHANTABILITY AND FITNESS FOR A PARTICULAR PURPOSE
  24:Drivers/CMSIS/Include/cmsis_gcc.h ****    ARE DISCLAIMED. IN NO EVENT SHALL COPYRIGHT HOLDERS AND CONTRIBUTORS BE
  25:Drivers/CMSIS/Include/cmsis_gcc.h ****    LIABLE FOR ANY DIRECT, INDIRECT, INCIDENTAL, SPECIAL, EXEMPLARY, OR
  26:Drivers/CMSIS/Include/cmsis_gcc.h ****    CONSEQUENTIAL DAMAGES (INCLUDING, BUT NOT LIMITED TO, PROCUREMENT OF
  27:Drivers/CMSIS/Include/cmsis_gcc.h ****    SUBSTITUTE GOODS OR SERVICES; LOSS OF USE, DATA, OR PROFITS; OR BUSINESS
  28:Drivers/CMSIS/Include/cmsis_gcc.h ****    INTERRUPTION) HOWEVER CAUSED AND ON ANY THEORY OF LIABILITY, WHETHER IN
  29:Drivers/CMSIS/Include/cmsis_gcc.h ****    CONTRACT, STRICT LIABILITY, OR TORT (INCLUDING NEGLIGENCE OR OTHERWISE)
  30:Drivers/CMSIS/Include/cmsis_gcc.h ****    ARISING IN ANY WAY OUT OF THE USE OF THIS SOFTWARE, EVEN IF ADVISED OF THE
  31:Drivers/CMSIS/Include/cmsis_gcc.h ****    POSSIBILITY OF SUCH DAMAGE.
ARM GAS  /tmp/ccWORQMT.s 			page 10


  32:Drivers/CMSIS/Include/cmsis_gcc.h ****    ---------------------------------------------------------------------------*/
  33:Drivers/CMSIS/Include/cmsis_gcc.h **** 
  34:Drivers/CMSIS/Include/cmsis_gcc.h **** 
  35:Drivers/CMSIS/Include/cmsis_gcc.h **** #ifndef __CMSIS_GCC_H
  36:Drivers/CMSIS/Include/cmsis_gcc.h **** #define __CMSIS_GCC_H
  37:Drivers/CMSIS/Include/cmsis_gcc.h **** 
  38:Drivers/CMSIS/Include/cmsis_gcc.h **** /* ignore some GCC warnings */
  39:Drivers/CMSIS/Include/cmsis_gcc.h **** #if defined ( __GNUC__ )
  40:Drivers/CMSIS/Include/cmsis_gcc.h **** #pragma GCC diagnostic push
  41:Drivers/CMSIS/Include/cmsis_gcc.h **** #pragma GCC diagnostic ignored "-Wsign-conversion"
  42:Drivers/CMSIS/Include/cmsis_gcc.h **** #pragma GCC diagnostic ignored "-Wconversion"
  43:Drivers/CMSIS/Include/cmsis_gcc.h **** #pragma GCC diagnostic ignored "-Wunused-parameter"
  44:Drivers/CMSIS/Include/cmsis_gcc.h **** #endif
  45:Drivers/CMSIS/Include/cmsis_gcc.h **** 
  46:Drivers/CMSIS/Include/cmsis_gcc.h **** 
  47:Drivers/CMSIS/Include/cmsis_gcc.h **** /* ###########################  Core Function Access  ########################### */
  48:Drivers/CMSIS/Include/cmsis_gcc.h **** /** \ingroup  CMSIS_Core_FunctionInterface
  49:Drivers/CMSIS/Include/cmsis_gcc.h ****     \defgroup CMSIS_Core_RegAccFunctions CMSIS Core Register Access Functions
  50:Drivers/CMSIS/Include/cmsis_gcc.h ****   @{
  51:Drivers/CMSIS/Include/cmsis_gcc.h ****  */
  52:Drivers/CMSIS/Include/cmsis_gcc.h **** 
  53:Drivers/CMSIS/Include/cmsis_gcc.h **** /**
  54:Drivers/CMSIS/Include/cmsis_gcc.h ****   \brief   Enable IRQ Interrupts
  55:Drivers/CMSIS/Include/cmsis_gcc.h ****   \details Enables IRQ interrupts by clearing the I-bit in the CPSR.
  56:Drivers/CMSIS/Include/cmsis_gcc.h ****            Can only be executed in Privileged modes.
  57:Drivers/CMSIS/Include/cmsis_gcc.h ****  */
  58:Drivers/CMSIS/Include/cmsis_gcc.h **** __attribute__( ( always_inline ) ) __STATIC_INLINE void __enable_irq(void)
  59:Drivers/CMSIS/Include/cmsis_gcc.h **** {
  60:Drivers/CMSIS/Include/cmsis_gcc.h ****   __ASM volatile ("cpsie i" : : : "memory");
  61:Drivers/CMSIS/Include/cmsis_gcc.h **** }
  62:Drivers/CMSIS/Include/cmsis_gcc.h **** 
  63:Drivers/CMSIS/Include/cmsis_gcc.h **** 
  64:Drivers/CMSIS/Include/cmsis_gcc.h **** /**
  65:Drivers/CMSIS/Include/cmsis_gcc.h ****   \brief   Disable IRQ Interrupts
  66:Drivers/CMSIS/Include/cmsis_gcc.h ****   \details Disables IRQ interrupts by setting the I-bit in the CPSR.
  67:Drivers/CMSIS/Include/cmsis_gcc.h ****   Can only be executed in Privileged modes.
  68:Drivers/CMSIS/Include/cmsis_gcc.h ****  */
  69:Drivers/CMSIS/Include/cmsis_gcc.h **** __attribute__( ( always_inline ) ) __STATIC_INLINE void __disable_irq(void)
  70:Drivers/CMSIS/Include/cmsis_gcc.h **** {
  71:Drivers/CMSIS/Include/cmsis_gcc.h ****   __ASM volatile ("cpsid i" : : : "memory");
  72:Drivers/CMSIS/Include/cmsis_gcc.h **** }
  73:Drivers/CMSIS/Include/cmsis_gcc.h **** 
  74:Drivers/CMSIS/Include/cmsis_gcc.h **** 
  75:Drivers/CMSIS/Include/cmsis_gcc.h **** /**
  76:Drivers/CMSIS/Include/cmsis_gcc.h ****   \brief   Get Control Register
  77:Drivers/CMSIS/Include/cmsis_gcc.h ****   \details Returns the content of the Control Register.
  78:Drivers/CMSIS/Include/cmsis_gcc.h ****   \return               Control Register value
  79:Drivers/CMSIS/Include/cmsis_gcc.h ****  */
  80:Drivers/CMSIS/Include/cmsis_gcc.h **** __attribute__( ( always_inline ) ) __STATIC_INLINE uint32_t __get_CONTROL(void)
  81:Drivers/CMSIS/Include/cmsis_gcc.h **** {
  82:Drivers/CMSIS/Include/cmsis_gcc.h ****   uint32_t result;
  83:Drivers/CMSIS/Include/cmsis_gcc.h **** 
  84:Drivers/CMSIS/Include/cmsis_gcc.h ****   __ASM volatile ("MRS %0, control" : "=r" (result) );
  85:Drivers/CMSIS/Include/cmsis_gcc.h ****   return(result);
  86:Drivers/CMSIS/Include/cmsis_gcc.h **** }
  87:Drivers/CMSIS/Include/cmsis_gcc.h **** 
  88:Drivers/CMSIS/Include/cmsis_gcc.h **** 
ARM GAS  /tmp/ccWORQMT.s 			page 11


  89:Drivers/CMSIS/Include/cmsis_gcc.h **** /**
  90:Drivers/CMSIS/Include/cmsis_gcc.h ****   \brief   Set Control Register
  91:Drivers/CMSIS/Include/cmsis_gcc.h ****   \details Writes the given value to the Control Register.
  92:Drivers/CMSIS/Include/cmsis_gcc.h ****   \param [in]    control  Control Register value to set
  93:Drivers/CMSIS/Include/cmsis_gcc.h ****  */
  94:Drivers/CMSIS/Include/cmsis_gcc.h **** __attribute__( ( always_inline ) ) __STATIC_INLINE void __set_CONTROL(uint32_t control)
  95:Drivers/CMSIS/Include/cmsis_gcc.h **** {
  96:Drivers/CMSIS/Include/cmsis_gcc.h ****   __ASM volatile ("MSR control, %0" : : "r" (control) : "memory");
  97:Drivers/CMSIS/Include/cmsis_gcc.h **** }
  98:Drivers/CMSIS/Include/cmsis_gcc.h **** 
  99:Drivers/CMSIS/Include/cmsis_gcc.h **** 
 100:Drivers/CMSIS/Include/cmsis_gcc.h **** /**
 101:Drivers/CMSIS/Include/cmsis_gcc.h ****   \brief   Get IPSR Register
 102:Drivers/CMSIS/Include/cmsis_gcc.h ****   \details Returns the content of the IPSR Register.
 103:Drivers/CMSIS/Include/cmsis_gcc.h ****   \return               IPSR Register value
 104:Drivers/CMSIS/Include/cmsis_gcc.h ****  */
 105:Drivers/CMSIS/Include/cmsis_gcc.h **** __attribute__( ( always_inline ) ) __STATIC_INLINE uint32_t __get_IPSR(void)
 106:Drivers/CMSIS/Include/cmsis_gcc.h **** {
 107:Drivers/CMSIS/Include/cmsis_gcc.h ****   uint32_t result;
 108:Drivers/CMSIS/Include/cmsis_gcc.h **** 
 109:Drivers/CMSIS/Include/cmsis_gcc.h ****   __ASM volatile ("MRS %0, ipsr" : "=r" (result) );
 110:Drivers/CMSIS/Include/cmsis_gcc.h ****   return(result);
 111:Drivers/CMSIS/Include/cmsis_gcc.h **** }
 112:Drivers/CMSIS/Include/cmsis_gcc.h **** 
 113:Drivers/CMSIS/Include/cmsis_gcc.h **** 
 114:Drivers/CMSIS/Include/cmsis_gcc.h **** /**
 115:Drivers/CMSIS/Include/cmsis_gcc.h ****   \brief   Get APSR Register
 116:Drivers/CMSIS/Include/cmsis_gcc.h ****   \details Returns the content of the APSR Register.
 117:Drivers/CMSIS/Include/cmsis_gcc.h ****   \return               APSR Register value
 118:Drivers/CMSIS/Include/cmsis_gcc.h ****  */
 119:Drivers/CMSIS/Include/cmsis_gcc.h **** __attribute__( ( always_inline ) ) __STATIC_INLINE uint32_t __get_APSR(void)
 120:Drivers/CMSIS/Include/cmsis_gcc.h **** {
 121:Drivers/CMSIS/Include/cmsis_gcc.h ****   uint32_t result;
 122:Drivers/CMSIS/Include/cmsis_gcc.h **** 
 123:Drivers/CMSIS/Include/cmsis_gcc.h ****   __ASM volatile ("MRS %0, apsr" : "=r" (result) );
 124:Drivers/CMSIS/Include/cmsis_gcc.h ****   return(result);
 125:Drivers/CMSIS/Include/cmsis_gcc.h **** }
 126:Drivers/CMSIS/Include/cmsis_gcc.h **** 
 127:Drivers/CMSIS/Include/cmsis_gcc.h **** 
 128:Drivers/CMSIS/Include/cmsis_gcc.h **** /**
 129:Drivers/CMSIS/Include/cmsis_gcc.h ****   \brief   Get xPSR Register
 130:Drivers/CMSIS/Include/cmsis_gcc.h ****   \details Returns the content of the xPSR Register.
 131:Drivers/CMSIS/Include/cmsis_gcc.h **** 
 132:Drivers/CMSIS/Include/cmsis_gcc.h ****     \return               xPSR Register value
 133:Drivers/CMSIS/Include/cmsis_gcc.h ****  */
 134:Drivers/CMSIS/Include/cmsis_gcc.h **** __attribute__( ( always_inline ) ) __STATIC_INLINE uint32_t __get_xPSR(void)
 135:Drivers/CMSIS/Include/cmsis_gcc.h **** {
 136:Drivers/CMSIS/Include/cmsis_gcc.h ****   uint32_t result;
 137:Drivers/CMSIS/Include/cmsis_gcc.h **** 
 138:Drivers/CMSIS/Include/cmsis_gcc.h ****   __ASM volatile ("MRS %0, xpsr" : "=r" (result) );
 139:Drivers/CMSIS/Include/cmsis_gcc.h ****   return(result);
 140:Drivers/CMSIS/Include/cmsis_gcc.h **** }
 141:Drivers/CMSIS/Include/cmsis_gcc.h **** 
 142:Drivers/CMSIS/Include/cmsis_gcc.h **** 
 143:Drivers/CMSIS/Include/cmsis_gcc.h **** /**
 144:Drivers/CMSIS/Include/cmsis_gcc.h ****   \brief   Get Process Stack Pointer
 145:Drivers/CMSIS/Include/cmsis_gcc.h ****   \details Returns the current value of the Process Stack Pointer (PSP).
ARM GAS  /tmp/ccWORQMT.s 			page 12


 146:Drivers/CMSIS/Include/cmsis_gcc.h ****   \return               PSP Register value
 147:Drivers/CMSIS/Include/cmsis_gcc.h ****  */
 148:Drivers/CMSIS/Include/cmsis_gcc.h **** __attribute__( ( always_inline ) ) __STATIC_INLINE uint32_t __get_PSP(void)
 149:Drivers/CMSIS/Include/cmsis_gcc.h **** {
 150:Drivers/CMSIS/Include/cmsis_gcc.h ****   register uint32_t result;
 151:Drivers/CMSIS/Include/cmsis_gcc.h **** 
 152:Drivers/CMSIS/Include/cmsis_gcc.h ****   __ASM volatile ("MRS %0, psp\n"  : "=r" (result) );
 153:Drivers/CMSIS/Include/cmsis_gcc.h ****   return(result);
 154:Drivers/CMSIS/Include/cmsis_gcc.h **** }
 155:Drivers/CMSIS/Include/cmsis_gcc.h **** 
 156:Drivers/CMSIS/Include/cmsis_gcc.h **** 
 157:Drivers/CMSIS/Include/cmsis_gcc.h **** /**
 158:Drivers/CMSIS/Include/cmsis_gcc.h ****   \brief   Set Process Stack Pointer
 159:Drivers/CMSIS/Include/cmsis_gcc.h ****   \details Assigns the given value to the Process Stack Pointer (PSP).
 160:Drivers/CMSIS/Include/cmsis_gcc.h ****   \param [in]    topOfProcStack  Process Stack Pointer value to set
 161:Drivers/CMSIS/Include/cmsis_gcc.h ****  */
 162:Drivers/CMSIS/Include/cmsis_gcc.h **** __attribute__( ( always_inline ) ) __STATIC_INLINE void __set_PSP(uint32_t topOfProcStack)
 163:Drivers/CMSIS/Include/cmsis_gcc.h **** {
 164:Drivers/CMSIS/Include/cmsis_gcc.h ****   __ASM volatile ("MSR psp, %0\n" : : "r" (topOfProcStack) : "sp");
 165:Drivers/CMSIS/Include/cmsis_gcc.h **** }
 166:Drivers/CMSIS/Include/cmsis_gcc.h **** 
 167:Drivers/CMSIS/Include/cmsis_gcc.h **** 
 168:Drivers/CMSIS/Include/cmsis_gcc.h **** /**
 169:Drivers/CMSIS/Include/cmsis_gcc.h ****   \brief   Get Main Stack Pointer
 170:Drivers/CMSIS/Include/cmsis_gcc.h ****   \details Returns the current value of the Main Stack Pointer (MSP).
 171:Drivers/CMSIS/Include/cmsis_gcc.h ****   \return               MSP Register value
 172:Drivers/CMSIS/Include/cmsis_gcc.h ****  */
 173:Drivers/CMSIS/Include/cmsis_gcc.h **** __attribute__( ( always_inline ) ) __STATIC_INLINE uint32_t __get_MSP(void)
 174:Drivers/CMSIS/Include/cmsis_gcc.h **** {
 175:Drivers/CMSIS/Include/cmsis_gcc.h ****   register uint32_t result;
 176:Drivers/CMSIS/Include/cmsis_gcc.h **** 
 177:Drivers/CMSIS/Include/cmsis_gcc.h ****   __ASM volatile ("MRS %0, msp\n" : "=r" (result) );
 178:Drivers/CMSIS/Include/cmsis_gcc.h ****   return(result);
 179:Drivers/CMSIS/Include/cmsis_gcc.h **** }
 180:Drivers/CMSIS/Include/cmsis_gcc.h **** 
 181:Drivers/CMSIS/Include/cmsis_gcc.h **** 
 182:Drivers/CMSIS/Include/cmsis_gcc.h **** /**
 183:Drivers/CMSIS/Include/cmsis_gcc.h ****   \brief   Set Main Stack Pointer
 184:Drivers/CMSIS/Include/cmsis_gcc.h ****   \details Assigns the given value to the Main Stack Pointer (MSP).
 185:Drivers/CMSIS/Include/cmsis_gcc.h **** 
 186:Drivers/CMSIS/Include/cmsis_gcc.h ****     \param [in]    topOfMainStack  Main Stack Pointer value to set
 187:Drivers/CMSIS/Include/cmsis_gcc.h ****  */
 188:Drivers/CMSIS/Include/cmsis_gcc.h **** __attribute__( ( always_inline ) ) __STATIC_INLINE void __set_MSP(uint32_t topOfMainStack)
 189:Drivers/CMSIS/Include/cmsis_gcc.h **** {
 190:Drivers/CMSIS/Include/cmsis_gcc.h ****   __ASM volatile ("MSR msp, %0\n" : : "r" (topOfMainStack) : "sp");
 191:Drivers/CMSIS/Include/cmsis_gcc.h **** }
 192:Drivers/CMSIS/Include/cmsis_gcc.h **** 
 193:Drivers/CMSIS/Include/cmsis_gcc.h **** 
 194:Drivers/CMSIS/Include/cmsis_gcc.h **** /**
 195:Drivers/CMSIS/Include/cmsis_gcc.h ****   \brief   Get Priority Mask
 196:Drivers/CMSIS/Include/cmsis_gcc.h ****   \details Returns the current state of the priority mask bit from the Priority Mask Register.
 197:Drivers/CMSIS/Include/cmsis_gcc.h ****   \return               Priority Mask value
 198:Drivers/CMSIS/Include/cmsis_gcc.h ****  */
 199:Drivers/CMSIS/Include/cmsis_gcc.h **** __attribute__( ( always_inline ) ) __STATIC_INLINE uint32_t __get_PRIMASK(void)
 200:Drivers/CMSIS/Include/cmsis_gcc.h **** {
 201:Drivers/CMSIS/Include/cmsis_gcc.h ****   uint32_t result;
 202:Drivers/CMSIS/Include/cmsis_gcc.h **** 
ARM GAS  /tmp/ccWORQMT.s 			page 13


 203:Drivers/CMSIS/Include/cmsis_gcc.h ****   __ASM volatile ("MRS %0, primask" : "=r" (result) );
 204:Drivers/CMSIS/Include/cmsis_gcc.h ****   return(result);
 205:Drivers/CMSIS/Include/cmsis_gcc.h **** }
 206:Drivers/CMSIS/Include/cmsis_gcc.h **** 
 207:Drivers/CMSIS/Include/cmsis_gcc.h **** 
 208:Drivers/CMSIS/Include/cmsis_gcc.h **** /**
 209:Drivers/CMSIS/Include/cmsis_gcc.h ****   \brief   Set Priority Mask
 210:Drivers/CMSIS/Include/cmsis_gcc.h ****   \details Assigns the given value to the Priority Mask Register.
 211:Drivers/CMSIS/Include/cmsis_gcc.h ****   \param [in]    priMask  Priority Mask
 212:Drivers/CMSIS/Include/cmsis_gcc.h ****  */
 213:Drivers/CMSIS/Include/cmsis_gcc.h **** __attribute__( ( always_inline ) ) __STATIC_INLINE void __set_PRIMASK(uint32_t priMask)
 214:Drivers/CMSIS/Include/cmsis_gcc.h **** {
 215:Drivers/CMSIS/Include/cmsis_gcc.h ****   __ASM volatile ("MSR primask, %0" : : "r" (priMask) : "memory");
 216:Drivers/CMSIS/Include/cmsis_gcc.h **** }
 217:Drivers/CMSIS/Include/cmsis_gcc.h **** 
 218:Drivers/CMSIS/Include/cmsis_gcc.h **** 
 219:Drivers/CMSIS/Include/cmsis_gcc.h **** #if       (__CORTEX_M >= 0x03U)
 220:Drivers/CMSIS/Include/cmsis_gcc.h **** 
 221:Drivers/CMSIS/Include/cmsis_gcc.h **** /**
 222:Drivers/CMSIS/Include/cmsis_gcc.h ****   \brief   Enable FIQ
 223:Drivers/CMSIS/Include/cmsis_gcc.h ****   \details Enables FIQ interrupts by clearing the F-bit in the CPSR.
 224:Drivers/CMSIS/Include/cmsis_gcc.h ****            Can only be executed in Privileged modes.
 225:Drivers/CMSIS/Include/cmsis_gcc.h ****  */
 226:Drivers/CMSIS/Include/cmsis_gcc.h **** __attribute__( ( always_inline ) ) __STATIC_INLINE void __enable_fault_irq(void)
 227:Drivers/CMSIS/Include/cmsis_gcc.h **** {
 228:Drivers/CMSIS/Include/cmsis_gcc.h ****   __ASM volatile ("cpsie f" : : : "memory");
 229:Drivers/CMSIS/Include/cmsis_gcc.h **** }
 230:Drivers/CMSIS/Include/cmsis_gcc.h **** 
 231:Drivers/CMSIS/Include/cmsis_gcc.h **** 
 232:Drivers/CMSIS/Include/cmsis_gcc.h **** /**
 233:Drivers/CMSIS/Include/cmsis_gcc.h ****   \brief   Disable FIQ
 234:Drivers/CMSIS/Include/cmsis_gcc.h ****   \details Disables FIQ interrupts by setting the F-bit in the CPSR.
 235:Drivers/CMSIS/Include/cmsis_gcc.h ****            Can only be executed in Privileged modes.
 236:Drivers/CMSIS/Include/cmsis_gcc.h ****  */
 237:Drivers/CMSIS/Include/cmsis_gcc.h **** __attribute__( ( always_inline ) ) __STATIC_INLINE void __disable_fault_irq(void)
 238:Drivers/CMSIS/Include/cmsis_gcc.h **** {
 239:Drivers/CMSIS/Include/cmsis_gcc.h ****   __ASM volatile ("cpsid f" : : : "memory");
 240:Drivers/CMSIS/Include/cmsis_gcc.h **** }
 241:Drivers/CMSIS/Include/cmsis_gcc.h **** 
 242:Drivers/CMSIS/Include/cmsis_gcc.h **** 
 243:Drivers/CMSIS/Include/cmsis_gcc.h **** /**
 244:Drivers/CMSIS/Include/cmsis_gcc.h ****   \brief   Get Base Priority
 245:Drivers/CMSIS/Include/cmsis_gcc.h ****   \details Returns the current value of the Base Priority register.
 246:Drivers/CMSIS/Include/cmsis_gcc.h ****   \return               Base Priority register value
 247:Drivers/CMSIS/Include/cmsis_gcc.h ****  */
 248:Drivers/CMSIS/Include/cmsis_gcc.h **** __attribute__( ( always_inline ) ) __STATIC_INLINE uint32_t __get_BASEPRI(void)
 249:Drivers/CMSIS/Include/cmsis_gcc.h **** {
 250:Drivers/CMSIS/Include/cmsis_gcc.h ****   uint32_t result;
 251:Drivers/CMSIS/Include/cmsis_gcc.h **** 
 252:Drivers/CMSIS/Include/cmsis_gcc.h ****   __ASM volatile ("MRS %0, basepri" : "=r" (result) );
 253:Drivers/CMSIS/Include/cmsis_gcc.h ****   return(result);
 254:Drivers/CMSIS/Include/cmsis_gcc.h **** }
 255:Drivers/CMSIS/Include/cmsis_gcc.h **** 
 256:Drivers/CMSIS/Include/cmsis_gcc.h **** 
 257:Drivers/CMSIS/Include/cmsis_gcc.h **** /**
 258:Drivers/CMSIS/Include/cmsis_gcc.h ****   \brief   Set Base Priority
 259:Drivers/CMSIS/Include/cmsis_gcc.h ****   \details Assigns the given value to the Base Priority register.
ARM GAS  /tmp/ccWORQMT.s 			page 14


 260:Drivers/CMSIS/Include/cmsis_gcc.h ****   \param [in]    basePri  Base Priority value to set
 261:Drivers/CMSIS/Include/cmsis_gcc.h ****  */
 262:Drivers/CMSIS/Include/cmsis_gcc.h **** __attribute__( ( always_inline ) ) __STATIC_INLINE void __set_BASEPRI(uint32_t value)
 263:Drivers/CMSIS/Include/cmsis_gcc.h **** {
 264:Drivers/CMSIS/Include/cmsis_gcc.h ****   __ASM volatile ("MSR basepri, %0" : : "r" (value) : "memory");
 265:Drivers/CMSIS/Include/cmsis_gcc.h **** }
 266:Drivers/CMSIS/Include/cmsis_gcc.h **** 
 267:Drivers/CMSIS/Include/cmsis_gcc.h **** 
 268:Drivers/CMSIS/Include/cmsis_gcc.h **** /**
 269:Drivers/CMSIS/Include/cmsis_gcc.h ****   \brief   Set Base Priority with condition
 270:Drivers/CMSIS/Include/cmsis_gcc.h ****   \details Assigns the given value to the Base Priority register only if BASEPRI masking is disable
 271:Drivers/CMSIS/Include/cmsis_gcc.h ****            or the new value increases the BASEPRI priority level.
 272:Drivers/CMSIS/Include/cmsis_gcc.h ****   \param [in]    basePri  Base Priority value to set
 273:Drivers/CMSIS/Include/cmsis_gcc.h ****  */
 274:Drivers/CMSIS/Include/cmsis_gcc.h **** __attribute__( ( always_inline ) ) __STATIC_INLINE void __set_BASEPRI_MAX(uint32_t value)
 275:Drivers/CMSIS/Include/cmsis_gcc.h **** {
 276:Drivers/CMSIS/Include/cmsis_gcc.h ****   __ASM volatile ("MSR basepri_max, %0" : : "r" (value) : "memory");
 277:Drivers/CMSIS/Include/cmsis_gcc.h **** }
 278:Drivers/CMSIS/Include/cmsis_gcc.h **** 
 279:Drivers/CMSIS/Include/cmsis_gcc.h **** 
 280:Drivers/CMSIS/Include/cmsis_gcc.h **** /**
 281:Drivers/CMSIS/Include/cmsis_gcc.h ****   \brief   Get Fault Mask
 282:Drivers/CMSIS/Include/cmsis_gcc.h ****   \details Returns the current value of the Fault Mask register.
 283:Drivers/CMSIS/Include/cmsis_gcc.h ****   \return               Fault Mask register value
 284:Drivers/CMSIS/Include/cmsis_gcc.h ****  */
 285:Drivers/CMSIS/Include/cmsis_gcc.h **** __attribute__( ( always_inline ) ) __STATIC_INLINE uint32_t __get_FAULTMASK(void)
 286:Drivers/CMSIS/Include/cmsis_gcc.h **** {
 287:Drivers/CMSIS/Include/cmsis_gcc.h ****   uint32_t result;
 288:Drivers/CMSIS/Include/cmsis_gcc.h **** 
 289:Drivers/CMSIS/Include/cmsis_gcc.h ****   __ASM volatile ("MRS %0, faultmask" : "=r" (result) );
 290:Drivers/CMSIS/Include/cmsis_gcc.h ****   return(result);
 291:Drivers/CMSIS/Include/cmsis_gcc.h **** }
 292:Drivers/CMSIS/Include/cmsis_gcc.h **** 
 293:Drivers/CMSIS/Include/cmsis_gcc.h **** 
 294:Drivers/CMSIS/Include/cmsis_gcc.h **** /**
 295:Drivers/CMSIS/Include/cmsis_gcc.h ****   \brief   Set Fault Mask
 296:Drivers/CMSIS/Include/cmsis_gcc.h ****   \details Assigns the given value to the Fault Mask register.
 297:Drivers/CMSIS/Include/cmsis_gcc.h ****   \param [in]    faultMask  Fault Mask value to set
 298:Drivers/CMSIS/Include/cmsis_gcc.h ****  */
 299:Drivers/CMSIS/Include/cmsis_gcc.h **** __attribute__( ( always_inline ) ) __STATIC_INLINE void __set_FAULTMASK(uint32_t faultMask)
 300:Drivers/CMSIS/Include/cmsis_gcc.h **** {
 301:Drivers/CMSIS/Include/cmsis_gcc.h ****   __ASM volatile ("MSR faultmask, %0" : : "r" (faultMask) : "memory");
 302:Drivers/CMSIS/Include/cmsis_gcc.h **** }
 303:Drivers/CMSIS/Include/cmsis_gcc.h **** 
 304:Drivers/CMSIS/Include/cmsis_gcc.h **** #endif /* (__CORTEX_M >= 0x03U) */
 305:Drivers/CMSIS/Include/cmsis_gcc.h **** 
 306:Drivers/CMSIS/Include/cmsis_gcc.h **** 
 307:Drivers/CMSIS/Include/cmsis_gcc.h **** #if       (__CORTEX_M == 0x04U) || (__CORTEX_M == 0x07U)
 308:Drivers/CMSIS/Include/cmsis_gcc.h **** 
 309:Drivers/CMSIS/Include/cmsis_gcc.h **** /**
 310:Drivers/CMSIS/Include/cmsis_gcc.h ****   \brief   Get FPSCR
 311:Drivers/CMSIS/Include/cmsis_gcc.h ****   \details Returns the current value of the Floating Point Status/Control register.
 312:Drivers/CMSIS/Include/cmsis_gcc.h ****   \return               Floating Point Status/Control register value
 313:Drivers/CMSIS/Include/cmsis_gcc.h ****  */
 314:Drivers/CMSIS/Include/cmsis_gcc.h **** __attribute__( ( always_inline ) ) __STATIC_INLINE uint32_t __get_FPSCR(void)
 315:Drivers/CMSIS/Include/cmsis_gcc.h **** {
 316:Drivers/CMSIS/Include/cmsis_gcc.h **** #if (__FPU_PRESENT == 1U) && (__FPU_USED == 1U)
ARM GAS  /tmp/ccWORQMT.s 			page 15


 317:Drivers/CMSIS/Include/cmsis_gcc.h ****   uint32_t result;
 318:Drivers/CMSIS/Include/cmsis_gcc.h **** 
 319:Drivers/CMSIS/Include/cmsis_gcc.h ****   /* Empty asm statement works as a scheduling barrier */
 320:Drivers/CMSIS/Include/cmsis_gcc.h ****   __ASM volatile ("");
 321:Drivers/CMSIS/Include/cmsis_gcc.h ****   __ASM volatile ("VMRS %0, fpscr" : "=r" (result) );
 322:Drivers/CMSIS/Include/cmsis_gcc.h ****   __ASM volatile ("");
 323:Drivers/CMSIS/Include/cmsis_gcc.h ****   return(result);
 324:Drivers/CMSIS/Include/cmsis_gcc.h **** #else
 325:Drivers/CMSIS/Include/cmsis_gcc.h ****    return(0);
 326:Drivers/CMSIS/Include/cmsis_gcc.h **** #endif
 327:Drivers/CMSIS/Include/cmsis_gcc.h **** }
 328:Drivers/CMSIS/Include/cmsis_gcc.h **** 
 329:Drivers/CMSIS/Include/cmsis_gcc.h **** 
 330:Drivers/CMSIS/Include/cmsis_gcc.h **** /**
 331:Drivers/CMSIS/Include/cmsis_gcc.h ****   \brief   Set FPSCR
 332:Drivers/CMSIS/Include/cmsis_gcc.h ****   \details Assigns the given value to the Floating Point Status/Control register.
 333:Drivers/CMSIS/Include/cmsis_gcc.h ****   \param [in]    fpscr  Floating Point Status/Control value to set
 334:Drivers/CMSIS/Include/cmsis_gcc.h ****  */
 335:Drivers/CMSIS/Include/cmsis_gcc.h **** __attribute__( ( always_inline ) ) __STATIC_INLINE void __set_FPSCR(uint32_t fpscr)
 336:Drivers/CMSIS/Include/cmsis_gcc.h **** {
 337:Drivers/CMSIS/Include/cmsis_gcc.h **** #if (__FPU_PRESENT == 1U) && (__FPU_USED == 1U)
 338:Drivers/CMSIS/Include/cmsis_gcc.h ****   /* Empty asm statement works as a scheduling barrier */
 339:Drivers/CMSIS/Include/cmsis_gcc.h ****   __ASM volatile ("");
 340:Drivers/CMSIS/Include/cmsis_gcc.h ****   __ASM volatile ("VMSR fpscr, %0" : : "r" (fpscr) : "vfpcc");
 341:Drivers/CMSIS/Include/cmsis_gcc.h ****   __ASM volatile ("");
 342:Drivers/CMSIS/Include/cmsis_gcc.h **** #endif
 343:Drivers/CMSIS/Include/cmsis_gcc.h **** }
 344:Drivers/CMSIS/Include/cmsis_gcc.h **** 
 345:Drivers/CMSIS/Include/cmsis_gcc.h **** #endif /* (__CORTEX_M == 0x04U) || (__CORTEX_M == 0x07U) */
 346:Drivers/CMSIS/Include/cmsis_gcc.h **** 
 347:Drivers/CMSIS/Include/cmsis_gcc.h **** 
 348:Drivers/CMSIS/Include/cmsis_gcc.h **** 
 349:Drivers/CMSIS/Include/cmsis_gcc.h **** /*@} end of CMSIS_Core_RegAccFunctions */
 350:Drivers/CMSIS/Include/cmsis_gcc.h **** 
 351:Drivers/CMSIS/Include/cmsis_gcc.h **** 
 352:Drivers/CMSIS/Include/cmsis_gcc.h **** /* ##########################  Core Instruction Access  ######################### */
 353:Drivers/CMSIS/Include/cmsis_gcc.h **** /** \defgroup CMSIS_Core_InstructionInterface CMSIS Core Instruction Interface
 354:Drivers/CMSIS/Include/cmsis_gcc.h ****   Access to dedicated instructions
 355:Drivers/CMSIS/Include/cmsis_gcc.h ****   @{
 356:Drivers/CMSIS/Include/cmsis_gcc.h **** */
 357:Drivers/CMSIS/Include/cmsis_gcc.h **** 
 358:Drivers/CMSIS/Include/cmsis_gcc.h **** /* Define macros for porting to both thumb1 and thumb2.
 359:Drivers/CMSIS/Include/cmsis_gcc.h ****  * For thumb1, use low register (r0-r7), specified by constraint "l"
 360:Drivers/CMSIS/Include/cmsis_gcc.h ****  * Otherwise, use general registers, specified by constraint "r" */
 361:Drivers/CMSIS/Include/cmsis_gcc.h **** #if defined (__thumb__) && !defined (__thumb2__)
 362:Drivers/CMSIS/Include/cmsis_gcc.h **** #define __CMSIS_GCC_OUT_REG(r) "=l" (r)
 363:Drivers/CMSIS/Include/cmsis_gcc.h **** #define __CMSIS_GCC_USE_REG(r) "l" (r)
 364:Drivers/CMSIS/Include/cmsis_gcc.h **** #else
 365:Drivers/CMSIS/Include/cmsis_gcc.h **** #define __CMSIS_GCC_OUT_REG(r) "=r" (r)
 366:Drivers/CMSIS/Include/cmsis_gcc.h **** #define __CMSIS_GCC_USE_REG(r) "r" (r)
 367:Drivers/CMSIS/Include/cmsis_gcc.h **** #endif
 368:Drivers/CMSIS/Include/cmsis_gcc.h **** 
 369:Drivers/CMSIS/Include/cmsis_gcc.h **** /**
 370:Drivers/CMSIS/Include/cmsis_gcc.h ****   \brief   No Operation
 371:Drivers/CMSIS/Include/cmsis_gcc.h ****   \details No Operation does nothing. This instruction can be used for code alignment purposes.
 372:Drivers/CMSIS/Include/cmsis_gcc.h ****  */
 373:Drivers/CMSIS/Include/cmsis_gcc.h **** __attribute__((always_inline)) __STATIC_INLINE void __NOP(void)
ARM GAS  /tmp/ccWORQMT.s 			page 16


 374:Drivers/CMSIS/Include/cmsis_gcc.h **** {
 375:Drivers/CMSIS/Include/cmsis_gcc.h ****   __ASM volatile ("nop");
 376:Drivers/CMSIS/Include/cmsis_gcc.h **** }
 377:Drivers/CMSIS/Include/cmsis_gcc.h **** 
 378:Drivers/CMSIS/Include/cmsis_gcc.h **** 
 379:Drivers/CMSIS/Include/cmsis_gcc.h **** /**
 380:Drivers/CMSIS/Include/cmsis_gcc.h ****   \brief   Wait For Interrupt
 381:Drivers/CMSIS/Include/cmsis_gcc.h ****   \details Wait For Interrupt is a hint instruction that suspends execution until one of a number o
 382:Drivers/CMSIS/Include/cmsis_gcc.h ****  */
 383:Drivers/CMSIS/Include/cmsis_gcc.h **** __attribute__((always_inline)) __STATIC_INLINE void __WFI(void)
 384:Drivers/CMSIS/Include/cmsis_gcc.h **** {
 385:Drivers/CMSIS/Include/cmsis_gcc.h ****   __ASM volatile ("wfi");
 184              		.loc 2 385 0
 185              	@ 385 "Drivers/CMSIS/Include/cmsis_gcc.h" 1
 186 000e 30BF     		wfi
 187              	@ 0 "" 2
 188              		.thumb
 189 0010 7047     		bx	lr
 190              	.L17:
 191              	.LBE21:
 192              	.LBE20:
 193              	.LBB22:
 194              	.LBB23:
 386:Drivers/CMSIS/Include/cmsis_gcc.h **** }
 387:Drivers/CMSIS/Include/cmsis_gcc.h **** 
 388:Drivers/CMSIS/Include/cmsis_gcc.h **** 
 389:Drivers/CMSIS/Include/cmsis_gcc.h **** /**
 390:Drivers/CMSIS/Include/cmsis_gcc.h ****   \brief   Wait For Event
 391:Drivers/CMSIS/Include/cmsis_gcc.h ****   \details Wait For Event is a hint instruction that permits the processor to enter
 392:Drivers/CMSIS/Include/cmsis_gcc.h ****     a low-power state until one of a number of events occurs.
 393:Drivers/CMSIS/Include/cmsis_gcc.h ****  */
 394:Drivers/CMSIS/Include/cmsis_gcc.h **** __attribute__((always_inline)) __STATIC_INLINE void __WFE(void)
 395:Drivers/CMSIS/Include/cmsis_gcc.h **** {
 396:Drivers/CMSIS/Include/cmsis_gcc.h ****   __ASM volatile ("wfe");
 397:Drivers/CMSIS/Include/cmsis_gcc.h **** }
 398:Drivers/CMSIS/Include/cmsis_gcc.h **** 
 399:Drivers/CMSIS/Include/cmsis_gcc.h **** 
 400:Drivers/CMSIS/Include/cmsis_gcc.h **** /**
 401:Drivers/CMSIS/Include/cmsis_gcc.h ****   \brief   Send Event
 402:Drivers/CMSIS/Include/cmsis_gcc.h ****   \details Send Event is a hint instruction. It causes an event to be signaled to the CPU.
 403:Drivers/CMSIS/Include/cmsis_gcc.h ****  */
 404:Drivers/CMSIS/Include/cmsis_gcc.h **** __attribute__((always_inline)) __STATIC_INLINE void __SEV(void)
 405:Drivers/CMSIS/Include/cmsis_gcc.h **** {
 406:Drivers/CMSIS/Include/cmsis_gcc.h ****   __ASM volatile ("sev");
 195              		.loc 2 406 0
 196              	@ 406 "Drivers/CMSIS/Include/cmsis_gcc.h" 1
 197 0012 40BF     		sev
 198              	@ 0 "" 2
 199              		.thumb
 200              	.LBE23:
 201              	.LBE22:
 202              	.LBB24:
 203              	.LBB25:
 396:Drivers/CMSIS/Include/cmsis_gcc.h ****   __ASM volatile ("wfe");
 204              		.loc 2 396 0
 205              	@ 396 "Drivers/CMSIS/Include/cmsis_gcc.h" 1
 206 0014 20BF     		wfe
ARM GAS  /tmp/ccWORQMT.s 			page 17


 207              	@ 0 "" 2
 208              		.thumb
 209              	.LBE25:
 210              	.LBE24:
 211              	.LBB26:
 212              	.LBB27:
 213              	@ 396 "Drivers/CMSIS/Include/cmsis_gcc.h" 1
 214 0016 20BF     		wfe
 215              	@ 0 "" 2
 216              		.thumb
 217 0018 7047     		bx	lr
 218              	.L20:
 219 001a 00BF     		.align	2
 220              	.L19:
 221 001c 00ED00E0 		.word	-536810240
 222              	.LBE27:
 223              	.LBE26:
 224              		.cfi_endproc
 225              	.LFE128:
 227              		.section	.text.HAL_PWR_EnterSTOPMode,"ax",%progbits
 228              		.align	2
 229              		.global	HAL_PWR_EnterSTOPMode
 230              		.thumb
 231              		.thumb_func
 233              	HAL_PWR_EnterSTOPMode:
 234              	.LFB129:
 311:Drivers/STM32F3xx_HAL_Driver/Src/stm32f3xx_hal_pwr.c ****   {
 312:Drivers/STM32F3xx_HAL_Driver/Src/stm32f3xx_hal_pwr.c ****     /* Request Wait For Interrupt */
 313:Drivers/STM32F3xx_HAL_Driver/Src/stm32f3xx_hal_pwr.c ****     __WFI();
 314:Drivers/STM32F3xx_HAL_Driver/Src/stm32f3xx_hal_pwr.c ****   }
 315:Drivers/STM32F3xx_HAL_Driver/Src/stm32f3xx_hal_pwr.c ****   else
 316:Drivers/STM32F3xx_HAL_Driver/Src/stm32f3xx_hal_pwr.c ****   {
 317:Drivers/STM32F3xx_HAL_Driver/Src/stm32f3xx_hal_pwr.c ****     /* Request Wait For Event */
 318:Drivers/STM32F3xx_HAL_Driver/Src/stm32f3xx_hal_pwr.c ****     __SEV();
 319:Drivers/STM32F3xx_HAL_Driver/Src/stm32f3xx_hal_pwr.c ****     __WFE();
 320:Drivers/STM32F3xx_HAL_Driver/Src/stm32f3xx_hal_pwr.c ****     __WFE();
 321:Drivers/STM32F3xx_HAL_Driver/Src/stm32f3xx_hal_pwr.c ****   }
 322:Drivers/STM32F3xx_HAL_Driver/Src/stm32f3xx_hal_pwr.c **** }
 323:Drivers/STM32F3xx_HAL_Driver/Src/stm32f3xx_hal_pwr.c **** 
 324:Drivers/STM32F3xx_HAL_Driver/Src/stm32f3xx_hal_pwr.c **** /**
 325:Drivers/STM32F3xx_HAL_Driver/Src/stm32f3xx_hal_pwr.c ****   * @brief Enters STOP mode.
 326:Drivers/STM32F3xx_HAL_Driver/Src/stm32f3xx_hal_pwr.c ****   * @note  In Stop mode, all I/O pins keep the same state as in Run mode.
 327:Drivers/STM32F3xx_HAL_Driver/Src/stm32f3xx_hal_pwr.c ****   * @note  When exiting Stop mode by issuing an interrupt or a wakeup event,
 328:Drivers/STM32F3xx_HAL_Driver/Src/stm32f3xx_hal_pwr.c ****   *         the HSI RC oscillator is selected as system clock.
 329:Drivers/STM32F3xx_HAL_Driver/Src/stm32f3xx_hal_pwr.c ****   * @note  When the voltage regulator operates in low power mode, an additional
 330:Drivers/STM32F3xx_HAL_Driver/Src/stm32f3xx_hal_pwr.c ****   *         startup delay is incurred when waking up from Stop mode.
 331:Drivers/STM32F3xx_HAL_Driver/Src/stm32f3xx_hal_pwr.c ****   *         By keeping the internal regulator ON during Stop mode, the consumption
 332:Drivers/STM32F3xx_HAL_Driver/Src/stm32f3xx_hal_pwr.c ****   *         is higher although the startup time is reduced.
 333:Drivers/STM32F3xx_HAL_Driver/Src/stm32f3xx_hal_pwr.c ****   * @param Regulator: Specifies the regulator state in STOP mode.
 334:Drivers/STM32F3xx_HAL_Driver/Src/stm32f3xx_hal_pwr.c ****   *          This parameter can be one of the following values:
 335:Drivers/STM32F3xx_HAL_Driver/Src/stm32f3xx_hal_pwr.c ****   *            @arg PWR_MAINREGULATOR_ON: STOP mode with regulator ON
 336:Drivers/STM32F3xx_HAL_Driver/Src/stm32f3xx_hal_pwr.c ****   *            @arg PWR_LOWPOWERREGULATOR_ON: STOP mode with low power regulator ON
 337:Drivers/STM32F3xx_HAL_Driver/Src/stm32f3xx_hal_pwr.c ****   * @param STOPEntry: specifies if STOP mode in entered with WFI or WFE instruction.
 338:Drivers/STM32F3xx_HAL_Driver/Src/stm32f3xx_hal_pwr.c ****   *          This parameter can be one of the following values:
 339:Drivers/STM32F3xx_HAL_Driver/Src/stm32f3xx_hal_pwr.c ****   *            @arg PWR_STOPENTRY_WFI:Enter STOP mode with WFI instruction
 340:Drivers/STM32F3xx_HAL_Driver/Src/stm32f3xx_hal_pwr.c ****   *            @arg PWR_STOPENTRY_WFE: Enter STOP mode with WFE instruction
 341:Drivers/STM32F3xx_HAL_Driver/Src/stm32f3xx_hal_pwr.c ****   * @retval None
ARM GAS  /tmp/ccWORQMT.s 			page 18


 342:Drivers/STM32F3xx_HAL_Driver/Src/stm32f3xx_hal_pwr.c ****   */
 343:Drivers/STM32F3xx_HAL_Driver/Src/stm32f3xx_hal_pwr.c **** void HAL_PWR_EnterSTOPMode(uint32_t Regulator, uint8_t STOPEntry)
 344:Drivers/STM32F3xx_HAL_Driver/Src/stm32f3xx_hal_pwr.c **** {
 235              		.loc 1 344 0
 236              		.cfi_startproc
 237              		@ args = 0, pretend = 0, frame = 0
 238              		@ frame_needed = 0, uses_anonymous_args = 0
 239              		@ link register save eliminated.
 240              	.LVL5:
 345:Drivers/STM32F3xx_HAL_Driver/Src/stm32f3xx_hal_pwr.c ****   uint32_t tmpreg = 0U;
 346:Drivers/STM32F3xx_HAL_Driver/Src/stm32f3xx_hal_pwr.c **** 
 347:Drivers/STM32F3xx_HAL_Driver/Src/stm32f3xx_hal_pwr.c ****   /* Check the parameters */
 348:Drivers/STM32F3xx_HAL_Driver/Src/stm32f3xx_hal_pwr.c ****   assert_param(IS_PWR_REGULATOR(Regulator));
 349:Drivers/STM32F3xx_HAL_Driver/Src/stm32f3xx_hal_pwr.c ****   assert_param(IS_PWR_STOP_ENTRY(STOPEntry));
 350:Drivers/STM32F3xx_HAL_Driver/Src/stm32f3xx_hal_pwr.c **** 
 351:Drivers/STM32F3xx_HAL_Driver/Src/stm32f3xx_hal_pwr.c ****   /* Select the regulator state in STOP mode ---------------------------------*/
 352:Drivers/STM32F3xx_HAL_Driver/Src/stm32f3xx_hal_pwr.c ****   tmpreg = PWR->CR;
 241              		.loc 1 352 0
 242 0000 0B4B     		ldr	r3, .L24
 243 0002 1A68     		ldr	r2, [r3]
 244              	.LVL6:
 353:Drivers/STM32F3xx_HAL_Driver/Src/stm32f3xx_hal_pwr.c ****   
 354:Drivers/STM32F3xx_HAL_Driver/Src/stm32f3xx_hal_pwr.c ****   /* Clear PDDS and LPDS bits */
 355:Drivers/STM32F3xx_HAL_Driver/Src/stm32f3xx_hal_pwr.c ****   tmpreg &= (uint32_t)~(PWR_CR_PDDS | PWR_CR_LPDS);
 245              		.loc 1 355 0
 246 0004 22F00302 		bic	r2, r2, #3
 247              	.LVL7:
 356:Drivers/STM32F3xx_HAL_Driver/Src/stm32f3xx_hal_pwr.c **** 
 357:Drivers/STM32F3xx_HAL_Driver/Src/stm32f3xx_hal_pwr.c ****   /* Set LPDS bit according to Regulator value */
 358:Drivers/STM32F3xx_HAL_Driver/Src/stm32f3xx_hal_pwr.c ****   tmpreg |= Regulator;
 248              		.loc 1 358 0
 249 0008 1043     		orrs	r0, r0, r2
 250              	.LVL8:
 359:Drivers/STM32F3xx_HAL_Driver/Src/stm32f3xx_hal_pwr.c **** 
 360:Drivers/STM32F3xx_HAL_Driver/Src/stm32f3xx_hal_pwr.c ****   /* Store the new value */
 361:Drivers/STM32F3xx_HAL_Driver/Src/stm32f3xx_hal_pwr.c ****   PWR->CR = tmpreg;
 251              		.loc 1 361 0
 252 000a 1860     		str	r0, [r3]
 362:Drivers/STM32F3xx_HAL_Driver/Src/stm32f3xx_hal_pwr.c **** 
 363:Drivers/STM32F3xx_HAL_Driver/Src/stm32f3xx_hal_pwr.c ****   /* Set SLEEPDEEP bit of Cortex System Control Register */
 364:Drivers/STM32F3xx_HAL_Driver/Src/stm32f3xx_hal_pwr.c ****   SCB->SCR |= SCB_SCR_SLEEPDEEP_Msk;
 253              		.loc 1 364 0
 254 000c 094B     		ldr	r3, .L24+4
 255 000e 1A69     		ldr	r2, [r3, #16]
 256 0010 42F00402 		orr	r2, r2, #4
 257 0014 1A61     		str	r2, [r3, #16]
 365:Drivers/STM32F3xx_HAL_Driver/Src/stm32f3xx_hal_pwr.c **** 
 366:Drivers/STM32F3xx_HAL_Driver/Src/stm32f3xx_hal_pwr.c ****   /* Select STOP mode entry --------------------------------------------------*/
 367:Drivers/STM32F3xx_HAL_Driver/Src/stm32f3xx_hal_pwr.c ****   if(STOPEntry == PWR_STOPENTRY_WFI)
 258              		.loc 1 367 0
 259 0016 0129     		cmp	r1, #1
 260 0018 01D1     		bne	.L22
 261              	.LBB28:
 262              	.LBB29:
 385:Drivers/CMSIS/Include/cmsis_gcc.h ****   __ASM volatile ("wfi");
 263              		.loc 2 385 0
 264              	@ 385 "Drivers/CMSIS/Include/cmsis_gcc.h" 1
ARM GAS  /tmp/ccWORQMT.s 			page 19


 265 001a 30BF     		wfi
 266              	@ 0 "" 2
 267              		.thumb
 268 001c 02E0     		b	.L23
 269              	.L22:
 270              	.LBE29:
 271              	.LBE28:
 272              	.LBB30:
 273              	.LBB31:
 274              		.loc 2 406 0
 275              	@ 406 "Drivers/CMSIS/Include/cmsis_gcc.h" 1
 276 001e 40BF     		sev
 277              	@ 0 "" 2
 278              		.thumb
 279              	.LBE31:
 280              	.LBE30:
 281              	.LBB32:
 282              	.LBB33:
 396:Drivers/CMSIS/Include/cmsis_gcc.h ****   __ASM volatile ("wfe");
 283              		.loc 2 396 0
 284              	@ 396 "Drivers/CMSIS/Include/cmsis_gcc.h" 1
 285 0020 20BF     		wfe
 286              	@ 0 "" 2
 287              		.thumb
 288              	.LBE33:
 289              	.LBE32:
 290              	.LBB34:
 291              	.LBB35:
 292              	@ 396 "Drivers/CMSIS/Include/cmsis_gcc.h" 1
 293 0022 20BF     		wfe
 294              	@ 0 "" 2
 295              		.thumb
 296              	.L23:
 297              	.LBE35:
 298              	.LBE34:
 368:Drivers/STM32F3xx_HAL_Driver/Src/stm32f3xx_hal_pwr.c ****   {
 369:Drivers/STM32F3xx_HAL_Driver/Src/stm32f3xx_hal_pwr.c ****     /* Request Wait For Interrupt */
 370:Drivers/STM32F3xx_HAL_Driver/Src/stm32f3xx_hal_pwr.c ****     __WFI();
 371:Drivers/STM32F3xx_HAL_Driver/Src/stm32f3xx_hal_pwr.c ****   }
 372:Drivers/STM32F3xx_HAL_Driver/Src/stm32f3xx_hal_pwr.c ****   else
 373:Drivers/STM32F3xx_HAL_Driver/Src/stm32f3xx_hal_pwr.c ****   {
 374:Drivers/STM32F3xx_HAL_Driver/Src/stm32f3xx_hal_pwr.c ****     /* Request Wait For Event */
 375:Drivers/STM32F3xx_HAL_Driver/Src/stm32f3xx_hal_pwr.c ****     __SEV();
 376:Drivers/STM32F3xx_HAL_Driver/Src/stm32f3xx_hal_pwr.c ****     __WFE();
 377:Drivers/STM32F3xx_HAL_Driver/Src/stm32f3xx_hal_pwr.c ****     __WFE();
 378:Drivers/STM32F3xx_HAL_Driver/Src/stm32f3xx_hal_pwr.c ****   }
 379:Drivers/STM32F3xx_HAL_Driver/Src/stm32f3xx_hal_pwr.c **** 
 380:Drivers/STM32F3xx_HAL_Driver/Src/stm32f3xx_hal_pwr.c ****   /* Reset SLEEPDEEP bit of Cortex System Control Register */
 381:Drivers/STM32F3xx_HAL_Driver/Src/stm32f3xx_hal_pwr.c ****   SCB->SCR &= (uint32_t)~((uint32_t)SCB_SCR_SLEEPDEEP_Msk);
 299              		.loc 1 381 0
 300 0024 034B     		ldr	r3, .L24+4
 301 0026 1A69     		ldr	r2, [r3, #16]
 302 0028 22F00402 		bic	r2, r2, #4
 303 002c 1A61     		str	r2, [r3, #16]
 304 002e 7047     		bx	lr
 305              	.L25:
 306              		.align	2
ARM GAS  /tmp/ccWORQMT.s 			page 20


 307              	.L24:
 308 0030 00700040 		.word	1073770496
 309 0034 00ED00E0 		.word	-536810240
 310              		.cfi_endproc
 311              	.LFE129:
 313              		.section	.text.HAL_PWR_EnterSTANDBYMode,"ax",%progbits
 314              		.align	2
 315              		.global	HAL_PWR_EnterSTANDBYMode
 316              		.thumb
 317              		.thumb_func
 319              	HAL_PWR_EnterSTANDBYMode:
 320              	.LFB130:
 382:Drivers/STM32F3xx_HAL_Driver/Src/stm32f3xx_hal_pwr.c **** }
 383:Drivers/STM32F3xx_HAL_Driver/Src/stm32f3xx_hal_pwr.c **** 
 384:Drivers/STM32F3xx_HAL_Driver/Src/stm32f3xx_hal_pwr.c **** /**
 385:Drivers/STM32F3xx_HAL_Driver/Src/stm32f3xx_hal_pwr.c ****   * @brief Enters STANDBY mode.
 386:Drivers/STM32F3xx_HAL_Driver/Src/stm32f3xx_hal_pwr.c ****   * @note  In Standby mode, all I/O pins are high impedance except for:
 387:Drivers/STM32F3xx_HAL_Driver/Src/stm32f3xx_hal_pwr.c ****   *          - Reset pad (still available), 
 388:Drivers/STM32F3xx_HAL_Driver/Src/stm32f3xx_hal_pwr.c ****   *          - RTC alternate function pins if configured for tamper, time-stamp, RTC
 389:Drivers/STM32F3xx_HAL_Driver/Src/stm32f3xx_hal_pwr.c ****   *            Alarm out, or RTC clock calibration out, 
 390:Drivers/STM32F3xx_HAL_Driver/Src/stm32f3xx_hal_pwr.c ****   *          - WKUP pins if enabled.
 391:Drivers/STM32F3xx_HAL_Driver/Src/stm32f3xx_hal_pwr.c ****   * @retval None
 392:Drivers/STM32F3xx_HAL_Driver/Src/stm32f3xx_hal_pwr.c ****   */
 393:Drivers/STM32F3xx_HAL_Driver/Src/stm32f3xx_hal_pwr.c **** void HAL_PWR_EnterSTANDBYMode(void)
 394:Drivers/STM32F3xx_HAL_Driver/Src/stm32f3xx_hal_pwr.c **** {
 321              		.loc 1 394 0
 322              		.cfi_startproc
 323              		@ args = 0, pretend = 0, frame = 0
 324              		@ frame_needed = 0, uses_anonymous_args = 0
 325              		@ link register save eliminated.
 395:Drivers/STM32F3xx_HAL_Driver/Src/stm32f3xx_hal_pwr.c ****   /* Select STANDBY mode */
 396:Drivers/STM32F3xx_HAL_Driver/Src/stm32f3xx_hal_pwr.c ****   PWR->CR |= PWR_CR_PDDS;
 326              		.loc 1 396 0
 327 0000 054B     		ldr	r3, .L27
 328 0002 1A68     		ldr	r2, [r3]
 329 0004 42F00202 		orr	r2, r2, #2
 330 0008 1A60     		str	r2, [r3]
 397:Drivers/STM32F3xx_HAL_Driver/Src/stm32f3xx_hal_pwr.c **** 
 398:Drivers/STM32F3xx_HAL_Driver/Src/stm32f3xx_hal_pwr.c ****   /* Set SLEEPDEEP bit of Cortex System Control Register */
 399:Drivers/STM32F3xx_HAL_Driver/Src/stm32f3xx_hal_pwr.c ****   SCB->SCR |= SCB_SCR_SLEEPDEEP_Msk;
 331              		.loc 1 399 0
 332 000a 044B     		ldr	r3, .L27+4
 333 000c 1A69     		ldr	r2, [r3, #16]
 334 000e 42F00402 		orr	r2, r2, #4
 335 0012 1A61     		str	r2, [r3, #16]
 336              	.LBB36:
 337              	.LBB37:
 385:Drivers/CMSIS/Include/cmsis_gcc.h ****   __ASM volatile ("wfi");
 338              		.loc 2 385 0
 339              	@ 385 "Drivers/CMSIS/Include/cmsis_gcc.h" 1
 340 0014 30BF     		wfi
 341              	@ 0 "" 2
 342              		.thumb
 343 0016 7047     		bx	lr
 344              	.L28:
 345              		.align	2
 346              	.L27:
ARM GAS  /tmp/ccWORQMT.s 			page 21


 347 0018 00700040 		.word	1073770496
 348 001c 00ED00E0 		.word	-536810240
 349              	.LBE37:
 350              	.LBE36:
 351              		.cfi_endproc
 352              	.LFE130:
 354              		.section	.text.HAL_PWR_EnableSleepOnExit,"ax",%progbits
 355              		.align	2
 356              		.global	HAL_PWR_EnableSleepOnExit
 357              		.thumb
 358              		.thumb_func
 360              	HAL_PWR_EnableSleepOnExit:
 361              	.LFB131:
 400:Drivers/STM32F3xx_HAL_Driver/Src/stm32f3xx_hal_pwr.c **** 
 401:Drivers/STM32F3xx_HAL_Driver/Src/stm32f3xx_hal_pwr.c ****   /* This option is used to ensure that store operations are completed */
 402:Drivers/STM32F3xx_HAL_Driver/Src/stm32f3xx_hal_pwr.c **** #if defined ( __CC_ARM)
 403:Drivers/STM32F3xx_HAL_Driver/Src/stm32f3xx_hal_pwr.c ****   __force_stores();
 404:Drivers/STM32F3xx_HAL_Driver/Src/stm32f3xx_hal_pwr.c **** #endif
 405:Drivers/STM32F3xx_HAL_Driver/Src/stm32f3xx_hal_pwr.c ****   /* Request Wait For Interrupt */
 406:Drivers/STM32F3xx_HAL_Driver/Src/stm32f3xx_hal_pwr.c ****   __WFI();
 407:Drivers/STM32F3xx_HAL_Driver/Src/stm32f3xx_hal_pwr.c **** }
 408:Drivers/STM32F3xx_HAL_Driver/Src/stm32f3xx_hal_pwr.c **** 
 409:Drivers/STM32F3xx_HAL_Driver/Src/stm32f3xx_hal_pwr.c **** /**
 410:Drivers/STM32F3xx_HAL_Driver/Src/stm32f3xx_hal_pwr.c ****   * @brief Indicates Sleep-On-Exit when returning from Handler mode to Thread mode. 
 411:Drivers/STM32F3xx_HAL_Driver/Src/stm32f3xx_hal_pwr.c ****   * @note Set SLEEPONEXIT bit of SCR register. When this bit is set, the processor 
 412:Drivers/STM32F3xx_HAL_Driver/Src/stm32f3xx_hal_pwr.c ****   *       re-enters SLEEP mode when an interruption handling is over.
 413:Drivers/STM32F3xx_HAL_Driver/Src/stm32f3xx_hal_pwr.c ****   *       Setting this bit is useful when the processor is expected to run only on
 414:Drivers/STM32F3xx_HAL_Driver/Src/stm32f3xx_hal_pwr.c ****   *       interruptions handling.         
 415:Drivers/STM32F3xx_HAL_Driver/Src/stm32f3xx_hal_pwr.c ****   * @retval None
 416:Drivers/STM32F3xx_HAL_Driver/Src/stm32f3xx_hal_pwr.c ****   */
 417:Drivers/STM32F3xx_HAL_Driver/Src/stm32f3xx_hal_pwr.c **** void HAL_PWR_EnableSleepOnExit(void)
 418:Drivers/STM32F3xx_HAL_Driver/Src/stm32f3xx_hal_pwr.c **** {
 362              		.loc 1 418 0
 363              		.cfi_startproc
 364              		@ args = 0, pretend = 0, frame = 0
 365              		@ frame_needed = 0, uses_anonymous_args = 0
 366              		@ link register save eliminated.
 419:Drivers/STM32F3xx_HAL_Driver/Src/stm32f3xx_hal_pwr.c ****   /* Set SLEEPONEXIT bit of Cortex System Control Register */
 420:Drivers/STM32F3xx_HAL_Driver/Src/stm32f3xx_hal_pwr.c ****   SET_BIT(SCB->SCR, ((uint32_t)SCB_SCR_SLEEPONEXIT_Msk));
 367              		.loc 1 420 0
 368 0000 024B     		ldr	r3, .L30
 369 0002 1A69     		ldr	r2, [r3, #16]
 370 0004 42F00202 		orr	r2, r2, #2
 371 0008 1A61     		str	r2, [r3, #16]
 372 000a 7047     		bx	lr
 373              	.L31:
 374              		.align	2
 375              	.L30:
 376 000c 00ED00E0 		.word	-536810240
 377              		.cfi_endproc
 378              	.LFE131:
 380              		.section	.text.HAL_PWR_DisableSleepOnExit,"ax",%progbits
 381              		.align	2
 382              		.global	HAL_PWR_DisableSleepOnExit
 383              		.thumb
 384              		.thumb_func
 386              	HAL_PWR_DisableSleepOnExit:
ARM GAS  /tmp/ccWORQMT.s 			page 22


 387              	.LFB132:
 421:Drivers/STM32F3xx_HAL_Driver/Src/stm32f3xx_hal_pwr.c **** }
 422:Drivers/STM32F3xx_HAL_Driver/Src/stm32f3xx_hal_pwr.c **** 
 423:Drivers/STM32F3xx_HAL_Driver/Src/stm32f3xx_hal_pwr.c **** 
 424:Drivers/STM32F3xx_HAL_Driver/Src/stm32f3xx_hal_pwr.c **** /**
 425:Drivers/STM32F3xx_HAL_Driver/Src/stm32f3xx_hal_pwr.c ****   * @brief Disables Sleep-On-Exit feature when returning from Handler mode to Thread mode. 
 426:Drivers/STM32F3xx_HAL_Driver/Src/stm32f3xx_hal_pwr.c ****   * @note Clears SLEEPONEXIT bit of SCR register. When this bit is set, the processor 
 427:Drivers/STM32F3xx_HAL_Driver/Src/stm32f3xx_hal_pwr.c ****   *       re-enters SLEEP mode when an interruption handling is over.          
 428:Drivers/STM32F3xx_HAL_Driver/Src/stm32f3xx_hal_pwr.c ****   * @retval None
 429:Drivers/STM32F3xx_HAL_Driver/Src/stm32f3xx_hal_pwr.c ****   */
 430:Drivers/STM32F3xx_HAL_Driver/Src/stm32f3xx_hal_pwr.c **** void HAL_PWR_DisableSleepOnExit(void)
 431:Drivers/STM32F3xx_HAL_Driver/Src/stm32f3xx_hal_pwr.c **** {
 388              		.loc 1 431 0
 389              		.cfi_startproc
 390              		@ args = 0, pretend = 0, frame = 0
 391              		@ frame_needed = 0, uses_anonymous_args = 0
 392              		@ link register save eliminated.
 432:Drivers/STM32F3xx_HAL_Driver/Src/stm32f3xx_hal_pwr.c ****   /* Clear SLEEPONEXIT bit of Cortex System Control Register */
 433:Drivers/STM32F3xx_HAL_Driver/Src/stm32f3xx_hal_pwr.c ****   CLEAR_BIT(SCB->SCR, ((uint32_t)SCB_SCR_SLEEPONEXIT_Msk));
 393              		.loc 1 433 0
 394 0000 024B     		ldr	r3, .L33
 395 0002 1A69     		ldr	r2, [r3, #16]
 396 0004 22F00202 		bic	r2, r2, #2
 397 0008 1A61     		str	r2, [r3, #16]
 398 000a 7047     		bx	lr
 399              	.L34:
 400              		.align	2
 401              	.L33:
 402 000c 00ED00E0 		.word	-536810240
 403              		.cfi_endproc
 404              	.LFE132:
 406              		.section	.text.HAL_PWR_EnableSEVOnPend,"ax",%progbits
 407              		.align	2
 408              		.global	HAL_PWR_EnableSEVOnPend
 409              		.thumb
 410              		.thumb_func
 412              	HAL_PWR_EnableSEVOnPend:
 413              	.LFB133:
 434:Drivers/STM32F3xx_HAL_Driver/Src/stm32f3xx_hal_pwr.c **** }
 435:Drivers/STM32F3xx_HAL_Driver/Src/stm32f3xx_hal_pwr.c **** 
 436:Drivers/STM32F3xx_HAL_Driver/Src/stm32f3xx_hal_pwr.c **** 
 437:Drivers/STM32F3xx_HAL_Driver/Src/stm32f3xx_hal_pwr.c **** 
 438:Drivers/STM32F3xx_HAL_Driver/Src/stm32f3xx_hal_pwr.c **** /**
 439:Drivers/STM32F3xx_HAL_Driver/Src/stm32f3xx_hal_pwr.c ****   * @brief Enables CORTEX M4 SEVONPEND bit. 
 440:Drivers/STM32F3xx_HAL_Driver/Src/stm32f3xx_hal_pwr.c ****   * @note Sets SEVONPEND bit of SCR register. When this bit is set, this causes 
 441:Drivers/STM32F3xx_HAL_Driver/Src/stm32f3xx_hal_pwr.c ****   *       WFE to wake up when an interrupt moves from inactive to pended.
 442:Drivers/STM32F3xx_HAL_Driver/Src/stm32f3xx_hal_pwr.c ****   * @retval None
 443:Drivers/STM32F3xx_HAL_Driver/Src/stm32f3xx_hal_pwr.c ****   */
 444:Drivers/STM32F3xx_HAL_Driver/Src/stm32f3xx_hal_pwr.c **** void HAL_PWR_EnableSEVOnPend(void)
 445:Drivers/STM32F3xx_HAL_Driver/Src/stm32f3xx_hal_pwr.c **** {
 414              		.loc 1 445 0
 415              		.cfi_startproc
 416              		@ args = 0, pretend = 0, frame = 0
 417              		@ frame_needed = 0, uses_anonymous_args = 0
 418              		@ link register save eliminated.
 446:Drivers/STM32F3xx_HAL_Driver/Src/stm32f3xx_hal_pwr.c ****   /* Set SEVONPEND bit of Cortex System Control Register */
 447:Drivers/STM32F3xx_HAL_Driver/Src/stm32f3xx_hal_pwr.c ****   SET_BIT(SCB->SCR, ((uint32_t)SCB_SCR_SEVONPEND_Msk));
ARM GAS  /tmp/ccWORQMT.s 			page 23


 419              		.loc 1 447 0
 420 0000 024B     		ldr	r3, .L36
 421 0002 1A69     		ldr	r2, [r3, #16]
 422 0004 42F01002 		orr	r2, r2, #16
 423 0008 1A61     		str	r2, [r3, #16]
 424 000a 7047     		bx	lr
 425              	.L37:
 426              		.align	2
 427              	.L36:
 428 000c 00ED00E0 		.word	-536810240
 429              		.cfi_endproc
 430              	.LFE133:
 432              		.section	.text.HAL_PWR_DisableSEVOnPend,"ax",%progbits
 433              		.align	2
 434              		.global	HAL_PWR_DisableSEVOnPend
 435              		.thumb
 436              		.thumb_func
 438              	HAL_PWR_DisableSEVOnPend:
 439              	.LFB134:
 448:Drivers/STM32F3xx_HAL_Driver/Src/stm32f3xx_hal_pwr.c **** }
 449:Drivers/STM32F3xx_HAL_Driver/Src/stm32f3xx_hal_pwr.c **** 
 450:Drivers/STM32F3xx_HAL_Driver/Src/stm32f3xx_hal_pwr.c **** 
 451:Drivers/STM32F3xx_HAL_Driver/Src/stm32f3xx_hal_pwr.c **** /**
 452:Drivers/STM32F3xx_HAL_Driver/Src/stm32f3xx_hal_pwr.c ****   * @brief Disables CORTEX M4 SEVONPEND bit. 
 453:Drivers/STM32F3xx_HAL_Driver/Src/stm32f3xx_hal_pwr.c ****   * @note Clears SEVONPEND bit of SCR register. When this bit is set, this causes 
 454:Drivers/STM32F3xx_HAL_Driver/Src/stm32f3xx_hal_pwr.c ****   *       WFE to wake up when an interrupt moves from inactive to pended.         
 455:Drivers/STM32F3xx_HAL_Driver/Src/stm32f3xx_hal_pwr.c ****   * @retval None
 456:Drivers/STM32F3xx_HAL_Driver/Src/stm32f3xx_hal_pwr.c ****   */
 457:Drivers/STM32F3xx_HAL_Driver/Src/stm32f3xx_hal_pwr.c **** void HAL_PWR_DisableSEVOnPend(void)
 458:Drivers/STM32F3xx_HAL_Driver/Src/stm32f3xx_hal_pwr.c **** {
 440              		.loc 1 458 0
 441              		.cfi_startproc
 442              		@ args = 0, pretend = 0, frame = 0
 443              		@ frame_needed = 0, uses_anonymous_args = 0
 444              		@ link register save eliminated.
 459:Drivers/STM32F3xx_HAL_Driver/Src/stm32f3xx_hal_pwr.c ****   /* Clear SEVONPEND bit of Cortex System Control Register */
 460:Drivers/STM32F3xx_HAL_Driver/Src/stm32f3xx_hal_pwr.c ****   CLEAR_BIT(SCB->SCR, ((uint32_t)SCB_SCR_SEVONPEND_Msk));
 445              		.loc 1 460 0
 446 0000 024B     		ldr	r3, .L39
 447 0002 1A69     		ldr	r2, [r3, #16]
 448 0004 22F01002 		bic	r2, r2, #16
 449 0008 1A61     		str	r2, [r3, #16]
 450 000a 7047     		bx	lr
 451              	.L40:
 452              		.align	2
 453              	.L39:
 454 000c 00ED00E0 		.word	-536810240
 455              		.cfi_endproc
 456              	.LFE134:
 458              		.text
 459              	.Letext0:
 460              		.file 3 "/home/niklas/Downloads/gcc-arm-none-eabi-4_8-2014q3/arm-none-eabi/include/machine/_defaul
 461              		.file 4 "/home/niklas/Downloads/gcc-arm-none-eabi-4_8-2014q3/arm-none-eabi/include/stdint.h"
 462              		.file 5 "Drivers/CMSIS/Include/core_cm4.h"
 463              		.file 6 "Drivers/CMSIS/Device/ST/STM32F3xx/Include/stm32f334x8.h"
ARM GAS  /tmp/ccWORQMT.s 			page 24


DEFINED SYMBOLS
                            *ABS*:00000000 stm32f3xx_hal_pwr.c
     /tmp/ccWORQMT.s:21     .text.HAL_PWR_DeInit:00000000 $t
     /tmp/ccWORQMT.s:26     .text.HAL_PWR_DeInit:00000000 HAL_PWR_DeInit
     /tmp/ccWORQMT.s:47     .text.HAL_PWR_DeInit:00000014 $d
     /tmp/ccWORQMT.s:52     .text.HAL_PWR_EnableBkUpAccess:00000000 $t
     /tmp/ccWORQMT.s:57     .text.HAL_PWR_EnableBkUpAccess:00000000 HAL_PWR_EnableBkUpAccess
     /tmp/ccWORQMT.s:73     .text.HAL_PWR_EnableBkUpAccess:0000000c $d
     /tmp/ccWORQMT.s:78     .text.HAL_PWR_DisableBkUpAccess:00000000 $t
     /tmp/ccWORQMT.s:83     .text.HAL_PWR_DisableBkUpAccess:00000000 HAL_PWR_DisableBkUpAccess
     /tmp/ccWORQMT.s:99     .text.HAL_PWR_DisableBkUpAccess:0000000c $d
     /tmp/ccWORQMT.s:104    .text.HAL_PWR_EnableWakeUpPin:00000000 $t
     /tmp/ccWORQMT.s:109    .text.HAL_PWR_EnableWakeUpPin:00000000 HAL_PWR_EnableWakeUpPin
     /tmp/ccWORQMT.s:127    .text.HAL_PWR_EnableWakeUpPin:0000000c $d
     /tmp/ccWORQMT.s:132    .text.HAL_PWR_DisableWakeUpPin:00000000 $t
     /tmp/ccWORQMT.s:137    .text.HAL_PWR_DisableWakeUpPin:00000000 HAL_PWR_DisableWakeUpPin
     /tmp/ccWORQMT.s:155    .text.HAL_PWR_DisableWakeUpPin:0000000c $d
     /tmp/ccWORQMT.s:160    .text.HAL_PWR_EnterSLEEPMode:00000000 $t
     /tmp/ccWORQMT.s:165    .text.HAL_PWR_EnterSLEEPMode:00000000 HAL_PWR_EnterSLEEPMode
     /tmp/ccWORQMT.s:221    .text.HAL_PWR_EnterSLEEPMode:0000001c $d
     /tmp/ccWORQMT.s:228    .text.HAL_PWR_EnterSTOPMode:00000000 $t
     /tmp/ccWORQMT.s:233    .text.HAL_PWR_EnterSTOPMode:00000000 HAL_PWR_EnterSTOPMode
     /tmp/ccWORQMT.s:308    .text.HAL_PWR_EnterSTOPMode:00000030 $d
     /tmp/ccWORQMT.s:314    .text.HAL_PWR_EnterSTANDBYMode:00000000 $t
     /tmp/ccWORQMT.s:319    .text.HAL_PWR_EnterSTANDBYMode:00000000 HAL_PWR_EnterSTANDBYMode
     /tmp/ccWORQMT.s:347    .text.HAL_PWR_EnterSTANDBYMode:00000018 $d
     /tmp/ccWORQMT.s:355    .text.HAL_PWR_EnableSleepOnExit:00000000 $t
     /tmp/ccWORQMT.s:360    .text.HAL_PWR_EnableSleepOnExit:00000000 HAL_PWR_EnableSleepOnExit
     /tmp/ccWORQMT.s:376    .text.HAL_PWR_EnableSleepOnExit:0000000c $d
     /tmp/ccWORQMT.s:381    .text.HAL_PWR_DisableSleepOnExit:00000000 $t
     /tmp/ccWORQMT.s:386    .text.HAL_PWR_DisableSleepOnExit:00000000 HAL_PWR_DisableSleepOnExit
     /tmp/ccWORQMT.s:402    .text.HAL_PWR_DisableSleepOnExit:0000000c $d
     /tmp/ccWORQMT.s:407    .text.HAL_PWR_EnableSEVOnPend:00000000 $t
     /tmp/ccWORQMT.s:412    .text.HAL_PWR_EnableSEVOnPend:00000000 HAL_PWR_EnableSEVOnPend
     /tmp/ccWORQMT.s:428    .text.HAL_PWR_EnableSEVOnPend:0000000c $d
     /tmp/ccWORQMT.s:433    .text.HAL_PWR_DisableSEVOnPend:00000000 $t
     /tmp/ccWORQMT.s:438    .text.HAL_PWR_DisableSEVOnPend:00000000 HAL_PWR_DisableSEVOnPend
     /tmp/ccWORQMT.s:454    .text.HAL_PWR_DisableSEVOnPend:0000000c $d
                     .debug_frame:00000010 $d

NO UNDEFINED SYMBOLS
